"../../../Engine/Content/Animation/DefaultAnimBoneCompressionSettings.uasset" 0
"../../../Engine/Content/Animation/DefaultAnimBoneCompressionSettings.uexp" 1
"../../../Engine/Content/Animation/DefaultAnimCurveCompressionSettings.uasset" 2
"../../../Engine/Content/Animation/DefaultAnimCurveCompressionSettings.uexp" 3
"../../../Engine/Content/EditorBlueprintResources/StandardMacros.uasset" 4
"../../../Engine/Content/EditorBlueprintResources/StandardMacros.uexp" 5
"C:/Users/tjgar/Documents/Unreal Projects/SpaceMine/Content/Mannequin/Character/Mesh/UE4_Mannequin_Skeleton.uasset" 6
"C:/Users/tjgar/Documents/Unreal Projects/SpaceMine/Content/Mannequin/Character/Mesh/UE4_Mannequin_Skeleton.uexp" 7
"C:/Users/tjgar/Documents/Unreal Projects/SpaceMine/Content/Mannequin/Animations/ThirdPersonJump_Start.uasset" 8
"C:/Users/tjgar/Documents/Unreal Projects/SpaceMine/Content/Mannequin/Animations/ThirdPersonJump_Start.uexp" 9
"C:/Users/tjgar/Documents/Unreal Projects/SpaceMine/Content/Mannequin/Animations/ThirdPersonJump_Loop.uasset" 10
"C:/Users/tjgar/Documents/Unreal Projects/SpaceMine/Content/Mannequin/Animations/ThirdPersonJump_Loop.uexp" 11
"C:/Users/tjgar/Documents/Unreal Projects/SpaceMine/Content/Mannequin/Animations/ThirdPerson_Jump.uasset" 12
"C:/Users/tjgar/Documents/Unreal Projects/SpaceMine/Content/Mannequin/Animations/ThirdPerson_Jump.uexp" 13
"C:/Users/tjgar/Documents/Unreal Projects/SpaceMine/Content/Mannequin/Animations/ThirdPersonIdle.uasset" 14
"C:/Users/tjgar/Documents/Unreal Projects/SpaceMine/Content/Mannequin/Animations/ThirdPersonIdle.uexp" 15
"C:/Users/tjgar/Documents/Unreal Projects/SpaceMine/Content/Mannequin/Animations/ThirdPersonRun.uasset" 16
"C:/Users/tjgar/Documents/Unreal Projects/SpaceMine/Content/Mannequin/Animations/ThirdPersonRun.uexp" 17
"C:/Users/tjgar/Documents/Unreal Projects/SpaceMine/Content/Mannequin/Animations/ThirdPersonWalk.uasset" 18
"C:/Users/tjgar/Documents/Unreal Projects/SpaceMine/Content/Mannequin/Animations/ThirdPersonWalk.uexp" 19
"C:/Users/tjgar/Documents/Unreal Projects/SpaceMine/Content/Mannequin/Animations/ThirdPerson_IdleRun_2D.uasset" 20
"C:/Users/tjgar/Documents/Unreal Projects/SpaceMine/Content/Mannequin/Animations/ThirdPerson_IdleRun_2D.uexp" 21
"C:/Users/tjgar/Documents/Unreal Projects/SpaceMine/Content/Mannequin/Animations/ThirdPerson_AnimBP.uasset" 22
"C:/Users/tjgar/Documents/Unreal Projects/SpaceMine/Content/Mannequin/Animations/ThirdPerson_AnimBP.uexp" 23
"C:/Users/tjgar/Documents/Unreal Projects/SpaceMine/Content/Mannequin/Character/Textures/T_Male_Mask.uasset" 24
"C:/Users/tjgar/Documents/Unreal Projects/SpaceMine/Content/Mannequin/Character/Textures/T_Male_Mask.uexp" 25
"C:/Users/tjgar/Documents/Unreal Projects/SpaceMine/Content/Mannequin/Character/Textures/T_Male_Mask.ubulk" 26
"C:/Users/tjgar/Documents/Unreal Projects/SpaceMine/Content/Mannequin/Character/Textures/T_UE4Logo_Mask.uasset" 27
"C:/Users/tjgar/Documents/Unreal Projects/SpaceMine/Content/Mannequin/Character/Textures/T_UE4Logo_Mask.uexp" 28
"C:/Users/tjgar/Documents/Unreal Projects/SpaceMine/Content/Mannequin/Character/Textures/T_UE4Logo_Mask.ubulk" 29
"C:/Users/tjgar/Documents/Unreal Projects/SpaceMine/Content/Mannequin/Character/Materials/MaterialLayers/ML_Plastic_Shiny_Beige_LOGO.uasset" 30
"C:/Users/tjgar/Documents/Unreal Projects/SpaceMine/Content/Mannequin/Character/Materials/MaterialLayers/ML_Plastic_Shiny_Beige_LOGO.uexp" 31
"C:/Users/tjgar/Documents/Unreal Projects/SpaceMine/Content/Mannequin/Character/Materials/MaterialLayers/T_ML_Aluminum01.uasset" 32
"C:/Users/tjgar/Documents/Unreal Projects/SpaceMine/Content/Mannequin/Character/Materials/MaterialLayers/T_ML_Aluminum01.uexp" 33
"C:/Users/tjgar/Documents/Unreal Projects/SpaceMine/Content/Mannequin/Character/Materials/MaterialLayers/T_ML_Aluminum01.ubulk" 34
"C:/Users/tjgar/Documents/Unreal Projects/SpaceMine/Content/Mannequin/Character/Materials/MaterialLayers/T_ML_Aluminum01_N.uasset" 35
"C:/Users/tjgar/Documents/Unreal Projects/SpaceMine/Content/Mannequin/Character/Materials/MaterialLayers/T_ML_Aluminum01_N.uexp" 36
"C:/Users/tjgar/Documents/Unreal Projects/SpaceMine/Content/Mannequin/Character/Materials/MaterialLayers/T_ML_Aluminum01_N.ubulk" 37
"C:/Users/tjgar/Documents/Unreal Projects/SpaceMine/Content/Mannequin/Character/Materials/MaterialLayers/T_ML_Rubber_Blue_01_D.uasset" 38
"C:/Users/tjgar/Documents/Unreal Projects/SpaceMine/Content/Mannequin/Character/Materials/MaterialLayers/T_ML_Rubber_Blue_01_D.uexp" 39
"C:/Users/tjgar/Documents/Unreal Projects/SpaceMine/Content/Mannequin/Character/Materials/MaterialLayers/T_ML_Rubber_Blue_01_D.ubulk" 40
"C:/Users/tjgar/Documents/Unreal Projects/SpaceMine/Content/Mannequin/Character/Materials/MaterialLayers/T_ML_Rubber_Blue_01_N.uasset" 41
"C:/Users/tjgar/Documents/Unreal Projects/SpaceMine/Content/Mannequin/Character/Materials/MaterialLayers/T_ML_Rubber_Blue_01_N.uexp" 42
"C:/Users/tjgar/Documents/Unreal Projects/SpaceMine/Content/Mannequin/Character/Materials/MaterialLayers/T_ML_Rubber_Blue_01_N.ubulk" 43
"C:/Users/tjgar/Documents/Unreal Projects/SpaceMine/Content/Mannequin/Character/Materials/MaterialLayers/ML_GlossyBlack_Latex_UE4.uasset" 44
"C:/Users/tjgar/Documents/Unreal Projects/SpaceMine/Content/Mannequin/Character/Materials/MaterialLayers/ML_GlossyBlack_Latex_UE4.uexp" 45
"C:/Users/tjgar/Documents/Unreal Projects/SpaceMine/Content/Mannequin/Character/Materials/MaterialLayers/ML_SoftMetal_UE4.uasset" 46
"C:/Users/tjgar/Documents/Unreal Projects/SpaceMine/Content/Mannequin/Character/Materials/MaterialLayers/ML_SoftMetal_UE4.uexp" 47
"C:/Users/tjgar/Documents/Unreal Projects/SpaceMine/Content/Mannequin/Character/Textures/T_Male_N.uasset" 48
"C:/Users/tjgar/Documents/Unreal Projects/SpaceMine/Content/Mannequin/Character/Textures/T_Male_N.uexp" 49
"C:/Users/tjgar/Documents/Unreal Projects/SpaceMine/Content/Mannequin/Character/Textures/T_Male_N.ubulk" 50
"C:/Users/tjgar/Documents/Unreal Projects/SpaceMine/Content/Mannequin/Character/Materials/MaterialLayers/ML_Plastic_Shiny_Beige.uasset" 51
"C:/Users/tjgar/Documents/Unreal Projects/SpaceMine/Content/Mannequin/Character/Materials/MaterialLayers/ML_Plastic_Shiny_Beige.uexp" 52
"../../../Engine/Content/Functions/MaterialLayerFunctions/MatLayerBlend_Simple.uasset" 53
"../../../Engine/Content/Functions/MaterialLayerFunctions/MatLayerBlend_Simple.uexp" 54
"../../../Engine/Content/Functions/Engine_MaterialFunctions02/Utility/BlendAngleCorrectedNormals.uasset" 55
"../../../Engine/Content/Functions/Engine_MaterialFunctions02/Utility/BlendAngleCorrectedNormals.uexp" 56
"../../../Engine/Content/Functions/MaterialLayerFunctions/MatLayerBlend_NormalBlend.uasset" 57
"../../../Engine/Content/Functions/MaterialLayerFunctions/MatLayerBlend_NormalBlend.uexp" 58
"C:/Users/tjgar/Documents/Unreal Projects/SpaceMine/Content/Mannequin/Character/Materials/M_Male_Body.uasset" 59
"C:/Users/tjgar/Documents/Unreal Projects/SpaceMine/Content/Mannequin/Character/Materials/M_Male_Body.uexp" 60
"C:/Users/tjgar/Documents/Unreal Projects/SpaceMine/Content/Mannequin/Character/Textures/T_UE4Logo_N.uasset" 61
"C:/Users/tjgar/Documents/Unreal Projects/SpaceMine/Content/Mannequin/Character/Textures/T_UE4Logo_N.uexp" 62
"C:/Users/tjgar/Documents/Unreal Projects/SpaceMine/Content/Mannequin/Character/Textures/T_UE4Logo_N.ubulk" 63
"C:/Users/tjgar/Documents/Unreal Projects/SpaceMine/Content/Mannequin/Character/Materials/M_UE4Man_ChestLogo.uasset" 64
"C:/Users/tjgar/Documents/Unreal Projects/SpaceMine/Content/Mannequin/Character/Materials/M_UE4Man_ChestLogo.uexp" 65
"C:/Users/tjgar/Documents/Unreal Projects/SpaceMine/Content/Mannequin/Character/Mesh/SK_Mannequin_PhysicsAsset.uasset" 66
"C:/Users/tjgar/Documents/Unreal Projects/SpaceMine/Content/Mannequin/Character/Mesh/SK_Mannequin_PhysicsAsset.uexp" 67
"C:/Users/tjgar/Documents/Unreal Projects/SpaceMine/Content/Mannequin/Character/Mesh/SK_Mannequin.uasset" 68
"C:/Users/tjgar/Documents/Unreal Projects/SpaceMine/Content/Mannequin/Character/Mesh/SK_Mannequin.uexp" 69
"C:/Users/tjgar/Documents/Unreal Projects/SpaceMine/Content/ThirdPersonBP/Blueprints/ThirdPersonCharacter.uasset" 70
"C:/Users/tjgar/Documents/Unreal Projects/SpaceMine/Content/ThirdPersonBP/Blueprints/ThirdPersonCharacter.uexp" 71
"C:/Users/tjgar/Documents/Unreal Projects/SpaceMine/Content/ThirdPersonBP/Blueprints/ThirdPersonGameMode.uasset" 72
"C:/Users/tjgar/Documents/Unreal Projects/SpaceMine/Content/ThirdPersonBP/Blueprints/ThirdPersonGameMode.uexp" 73
"../../../Engine/Content/EngineMaterials/T_Default_Material_Grid_N.uasset" 74
"../../../Engine/Content/EngineMaterials/T_Default_Material_Grid_N.uexp" 75
"../../../Engine/Content/EngineMaterials/T_Default_Material_Grid_N.ubulk" 76
"../../../Engine/Content/EngineMaterials/T_Default_Material_Grid_M.uasset" 77
"../../../Engine/Content/EngineMaterials/T_Default_Material_Grid_M.uexp" 78
"../../../Engine/Content/EngineMaterials/T_Default_Material_Grid_M.ubulk" 79
"../../../Engine/Content/Functions/Engine_MaterialFunctions01/Opacity/CameraDepthFade.uasset" 80
"../../../Engine/Content/Functions/Engine_MaterialFunctions01/Opacity/CameraDepthFade.uexp" 81
"../../../Engine/Content/EngineMaterials/WorldGridMaterial.uasset" 82
"../../../Engine/Content/EngineMaterials/WorldGridMaterial.uexp" 83
"../../../Engine/Content/ArtTools/RenderToTexture/Meshes/S_1_Unit_Plane.uasset" 84
"../../../Engine/Content/ArtTools/RenderToTexture/Meshes/S_1_Unit_Plane.uexp" 85
"../../../Engine/Content/EngineMaterials/DefaultMaterial.uasset" 86
"../../../Engine/Content/EngineMaterials/DefaultMaterial.uexp" 87
"../../../Engine/Content/BasicShapes/Cone.uasset" 88
"../../../Engine/Content/BasicShapes/Cone.uexp" 89
"../../../Engine/Content/BasicShapes/Cube.uasset" 90
"../../../Engine/Content/BasicShapes/Cube.uexp" 91
"../../../Engine/Content/BasicShapes/Plane.uasset" 92
"../../../Engine/Content/BasicShapes/Plane.uexp" 93
"../../../Engine/Content/BasicShapes/Sphere.uasset" 94
"../../../Engine/Content/BasicShapes/Sphere.uexp" 95
"../../../Engine/Content/EngineMaterials/DefaultPhysicalMaterial.uasset" 96
"../../../Engine/Content/EngineMaterials/DefaultPhysicalMaterial.uexp" 97
"../../../Engine/Content/BufferVisualization/AmbientOcclusion.uasset" 98
"../../../Engine/Content/BufferVisualization/AmbientOcclusion.uexp" 99
"../../../Engine/Content/Functions/Engine_MaterialFunctions02/Utility/AppendMany.uasset" 100
"../../../Engine/Content/Functions/Engine_MaterialFunctions02/Utility/AppendMany.uexp" 101
"../../../Engine/Content/BufferVisualization/Anisotropy.uasset" 102
"../../../Engine/Content/BufferVisualization/Anisotropy.uexp" 103
"../../../Engine/Content/BufferVisualization/BaseColor.uasset" 104
"../../../Engine/Content/BufferVisualization/BaseColor.uexp" 105
"../../../Engine/Content/BufferVisualization/CustomDepth.uasset" 106
"../../../Engine/Content/BufferVisualization/CustomDepth.uexp" 107
"../../../Engine/Content/Functions/Engine_MaterialFunctions02/Utility/VectorLength.uasset" 108
"../../../Engine/Content/Functions/Engine_MaterialFunctions02/Utility/VectorLength.uexp" 109
"../../../Engine/Content/BufferVisualization/CustomDepthWorldUnits.uasset" 110
"../../../Engine/Content/BufferVisualization/CustomDepthWorldUnits.uexp" 111
"../../../Engine/Content/EngineMaterials/MiniFont.uasset" 112
"../../../Engine/Content/EngineMaterials/MiniFont.uexp" 113
"../../../Engine/Content/Functions/Engine_MaterialFunctions02/Utility/MakeFloat3.uasset" 114
"../../../Engine/Content/Functions/Engine_MaterialFunctions02/Utility/MakeFloat3.uexp" 115
"../../../Engine/Content/Functions/Engine_MaterialFunctions02/Utility/MakeFloat2.uasset" 116
"../../../Engine/Content/Functions/Engine_MaterialFunctions02/Utility/MakeFloat2.uexp" 117
"../../../Engine/Content/Functions/Engine_MaterialFunctions02/ScreenResolution.uasset" 118
"../../../Engine/Content/Functions/Engine_MaterialFunctions02/ScreenResolution.uexp" 119
"../../../Engine/Content/Functions/Engine_MaterialFunctions02/Utility/BreakOutFloat2Components.uasset" 120
"../../../Engine/Content/Functions/Engine_MaterialFunctions02/Utility/BreakOutFloat2Components.uexp" 121
"../../../Engine/Content/Functions/Engine_MaterialFunctions01/Texturing/ScaleUVsByCenter.uasset" 122
"../../../Engine/Content/Functions/Engine_MaterialFunctions01/Texturing/ScaleUVsByCenter.uexp" 123
"../../../Engine/Content/Functions/Engine_MaterialFunctions02/Texturing/ScreenAlignedUVs.uasset" 124
"../../../Engine/Content/Functions/Engine_MaterialFunctions02/Texturing/ScreenAlignedUVs.uexp" 125
"../../../Engine/Content/BufferVisualization/CustomStencil.uasset" 126
"../../../Engine/Content/BufferVisualization/CustomStencil.uexp" 127
"../../../Engine/Content/BufferVisualization/FinalImage.uasset" 128
"../../../Engine/Content/BufferVisualization/FinalImage.uexp" 129
"../../../Engine/Content/BufferVisualization/LightingModel.uasset" 130
"../../../Engine/Content/BufferVisualization/LightingModel.uexp" 131
"../../../Engine/Content/BufferVisualization/MaterialAO.uasset" 132
"../../../Engine/Content/BufferVisualization/MaterialAO.uexp" 133
"../../../Engine/Content/BufferVisualization/Metallic.uasset" 134
"../../../Engine/Content/BufferVisualization/Metallic.uexp" 135
"../../../Engine/Content/BufferVisualization/Opacity.uasset" 136
"../../../Engine/Content/BufferVisualization/Opacity.uexp" 137
"../../../Engine/Content/BufferVisualization/PostTonemapHDRColor.uasset" 138
"../../../Engine/Content/BufferVisualization/PostTonemapHDRColor.uexp" 139
"../../../Engine/Content/BufferVisualization/PreTonemapHDRColor.uasset" 140
"../../../Engine/Content/BufferVisualization/PreTonemapHDRColor.uexp" 141
"../../../Engine/Content/BufferVisualization/Roughness.uasset" 142
"../../../Engine/Content/BufferVisualization/Roughness.uexp" 143
"../../../Engine/Content/BufferVisualization/SceneColor.uasset" 144
"../../../Engine/Content/BufferVisualization/SceneColor.uexp" 145
"../../../Engine/Content/BufferVisualization/SceneDepth.uasset" 146
"../../../Engine/Content/BufferVisualization/SceneDepth.uexp" 147
"../../../Engine/Content/BufferVisualization/SceneDepthWorldUnits.uasset" 148
"../../../Engine/Content/BufferVisualization/SceneDepthWorldUnits.uexp" 149
"../../../Engine/Content/BufferVisualization/SeparateTranslucencyA.uasset" 150
"../../../Engine/Content/BufferVisualization/SeparateTranslucencyA.uexp" 151
"../../../Engine/Content/BufferVisualization/SeparateTranslucencyRGB.uasset" 152
"../../../Engine/Content/BufferVisualization/SeparateTranslucencyRGB.uexp" 153
"../../../Engine/Content/BufferVisualization/Specular.uasset" 154
"../../../Engine/Content/BufferVisualization/Specular.uexp" 155
"../../../Engine/Content/BufferVisualization/SubsurfaceColor.uasset" 156
"../../../Engine/Content/BufferVisualization/SubsurfaceColor.uexp" 157
"../../../Engine/Content/BufferVisualization/Velocity.uasset" 158
"../../../Engine/Content/BufferVisualization/Velocity.uexp" 159
"../../../Engine/Content/BufferVisualization/WorldNormal.uasset" 160
"../../../Engine/Content/BufferVisualization/WorldNormal.uexp" 161
"../../../Engine/Content/BufferVisualization/WorldTangent.uasset" 162
"../../../Engine/Content/BufferVisualization/WorldTangent.uexp" 163
"../../../Engine/Content/EditorLandscapeResources/DataLayer.uasset" 164
"../../../Engine/Content/EditorLandscapeResources/DataLayer.uexp" 165
"../../../Engine/Content/EditorLandscapeResources/DefaultAlphaTexture.uasset" 166
"../../../Engine/Content/EditorLandscapeResources/DefaultAlphaTexture.uexp" 167
"../../../Engine/Content/EditorLandscapeResources/LandscapeGizmoHeight_Mat.uasset" 168
"../../../Engine/Content/EditorLandscapeResources/LandscapeGizmoHeight_Mat.uexp" 169
"../../../Engine/Content/EditorLandscapeResources/LandscapeGizmo_Mat.uasset" 170
"../../../Engine/Content/EditorLandscapeResources/LandscapeGizmo_Mat.uexp" 171
"../../../Engine/Content/EditorLandscapeResources/LandscapeGizmo_Mat_Copied.uasset" 172
"../../../Engine/Content/EditorLandscapeResources/LandscapeGizmo_Mat_Copied.uexp" 173
"../../../Engine/Content/EditorLandscapeResources/SplineEditorMeshMat.uasset" 174
"../../../Engine/Content/EditorLandscapeResources/SplineEditorMeshMat.uexp" 175
"../../../Engine/Content/EditorLandscapeResources/SplineEditorMesh.uasset" 176
"../../../Engine/Content/EditorLandscapeResources/SplineEditorMesh.uexp" 177
"../../../Engine/Content/EditorMaterials/Cross.uasset" 178
"../../../Engine/Content/EditorMaterials/Cross.uexp" 179
"../../../Engine/Content/EditorMaterials/Cross_Mat.uasset" 180
"../../../Engine/Content/EditorMaterials/Cross_Mat.uexp" 181
"../../../Engine/Content/EditorResources/T_EditorHelp.uasset" 182
"../../../Engine/Content/EditorResources/T_EditorHelp.uexp" 183
"../../../Engine/Content/EditorResources/T_EditorHelp.ubulk" 184
"../../../Engine/Content/Functions/Engine_MaterialFunctions02/Utility/Sign.uasset" 185
"../../../Engine/Content/Functions/Engine_MaterialFunctions02/Utility/Sign.uexp" 186
"../../../Engine/Content/Functions/Engine_MaterialFunctions02/Utility/Round.uasset" 187
"../../../Engine/Content/Functions/Engine_MaterialFunctions02/Utility/Round.uexp" 188
"../../../Engine/Content/Functions/Engine_MaterialFunctions02/ExampleContent/Textures/DebugNumberPeriod.uasset" 189
"../../../Engine/Content/Functions/Engine_MaterialFunctions02/ExampleContent/Textures/DebugNumberPeriod.uexp" 190
"../../../Engine/Content/Functions/Engine_MaterialFunctions02/ExampleContent/DebugNumberStrip.uasset" 191
"../../../Engine/Content/Functions/Engine_MaterialFunctions02/ExampleContent/DebugNumberStrip.uexp" 192
"../../../Engine/Content/EngineMaterials/DefaultDiffuse.uasset" 193
"../../../Engine/Content/EngineMaterials/DefaultDiffuse.uexp" 194
"../../../Engine/Content/EngineMaterials/DefaultDiffuse.ubulk" 195
"../../../Engine/Content/Functions/Engine_MaterialFunctions01/Texturing/TextureCropping.uasset" 196
"../../../Engine/Content/Functions/Engine_MaterialFunctions01/Texturing/TextureCropping.uexp" 197
"../../../Engine/Content/Functions/Engine_MaterialFunctions01/Texturing/ComputeMipLevel.uasset" 198
"../../../Engine/Content/Functions/Engine_MaterialFunctions01/Texturing/ComputeMipLevel.uexp" 199
"../../../Engine/Content/Functions/Engine_MaterialFunctions02/Utility/DebugScalarValues.uasset" 200
"../../../Engine/Content/Functions/Engine_MaterialFunctions02/Utility/DebugScalarValues.uexp" 201
"../../../Engine/Content/Functions/Engine_MaterialFunctions02/Utility/DebugFloat2Values.uasset" 202
"../../../Engine/Content/Functions/Engine_MaterialFunctions02/Utility/DebugFloat2Values.uexp" 203
"../../../Engine/Content/Functions/Engine_MaterialFunctions02/ExampleContent/Textures/flipbook.uasset" 204
"../../../Engine/Content/Functions/Engine_MaterialFunctions02/ExampleContent/Textures/flipbook.uexp" 205
"../../../Engine/Content/Functions/Engine_MaterialFunctions02/ExampleContent/Textures/flipbook.ubulk" 206
"../../../Engine/Content/Functions/Engine_MaterialFunctions02/Texturing/FlipBook.uasset" 207
"../../../Engine/Content/Functions/Engine_MaterialFunctions02/Texturing/FlipBook.uexp" 208
"../../../Engine/Content/EditorMaterials/HelpActorMaterial.uasset" 209
"../../../Engine/Content/EditorMaterials/HelpActorMaterial.uexp" 210
"../../../Engine/Content/Functions/Engine_MaterialFunctions03/Procedurals/ComputeFilterWidth.uasset" 211
"../../../Engine/Content/Functions/Engine_MaterialFunctions03/Procedurals/ComputeFilterWidth.uexp" 212
"../../../Engine/Content/EngineMaterials/BlendFunc_DefBlend.uasset" 213
"../../../Engine/Content/EngineMaterials/BlendFunc_DefBlend.uexp" 214
"../../../Engine/Content/EngineMaterials/BlendFunc_DefBase.uasset" 215
"../../../Engine/Content/EngineMaterials/BlendFunc_DefBase.uexp" 216
"../../../Engine/Content/Functions/Engine_MaterialFunctions03/Blends/Blend_Screen.uasset" 217
"../../../Engine/Content/Functions/Engine_MaterialFunctions03/Blends/Blend_Screen.uexp" 218
"../../../Engine/Content/EditorMaterials/TilingAALineIntegral.uasset" 219
"../../../Engine/Content/EditorMaterials/TilingAALineIntegral.uexp" 220
"../../../Engine/Content/EditorMaterials/TilingAALineBoxFiltered.uasset" 221
"../../../Engine/Content/EditorMaterials/TilingAALineBoxFiltered.uexp" 222
"../../../Engine/Content/EditorMaterials/TilingAAGrid.uasset" 223
"../../../Engine/Content/EditorMaterials/TilingAAGrid.uexp" 224
"../../../Engine/Content/EditorMaterials/TilingAADots.uasset" 225
"../../../Engine/Content/EditorMaterials/TilingAADots.uexp" 226
"../../../Engine/Content/EditorMaterials/CompositeARGBLayer.uasset" 227
"../../../Engine/Content/EditorMaterials/CompositeARGBLayer.uexp" 228
"../../../Engine/Content/EditorMaterials/LevelGridMaterial.uasset" 229
"../../../Engine/Content/EditorMaterials/LevelGridMaterial.uexp" 230
"../../../Engine/Content/EditorResources/LevelGrid1DStripes.uasset" 231
"../../../Engine/Content/EditorResources/LevelGrid1DStripes.uexp" 232
"../../../Engine/Content/EditorMaterials/TextureGridCascaded1D.uasset" 233
"../../../Engine/Content/EditorMaterials/TextureGridCascaded1D.uexp" 234
"../../../Engine/Content/EditorMaterials/TextureGridCascaded2D.uasset" 235
"../../../Engine/Content/EditorMaterials/TextureGridCascaded2D.uexp" 236
"../../../Engine/Content/EditorMaterials/MakeCompositeARGBLayer.uasset" 237
"../../../Engine/Content/EditorMaterials/MakeCompositeARGBLayer.uexp" 238
"../../../Engine/Content/EditorMaterials/LevelGridMaterial2.uasset" 239
"../../../Engine/Content/EditorMaterials/LevelGridMaterial2.uexp" 240
"../../../Engine/Content/EditorMaterials/MAT_Groups_Toggle.uasset" 241
"../../../Engine/Content/EditorMaterials/MAT_Groups_Toggle.uexp" 242
"../../../Engine/Content/EditorMaterials/MAT_Groups_Visibility.uasset" 243
"../../../Engine/Content/EditorMaterials/MAT_Groups_Visibility.uexp" 244
"../../../Engine/Content/EditorMaterials/PhAT_BoneSelectedMaterial.uasset" 245
"../../../Engine/Content/EditorMaterials/PhAT_BoneSelectedMaterial.uexp" 246
"../../../Engine/Content/EditorMaterials/PhAT_ElemSelectedMaterial.uasset" 247
"../../../Engine/Content/EditorMaterials/PhAT_ElemSelectedMaterial.uexp" 248
"../../../Engine/Content/EditorMaterials/PhAT_NoCollisionMaterial.uasset" 249
"../../../Engine/Content/EditorMaterials/PhAT_NoCollisionMaterial.uexp" 250
"../../../Engine/Content/EditorMaterials/PhAT_UnselectedMaterial.uasset" 251
"../../../Engine/Content/EditorMaterials/PhAT_UnselectedMaterial.uexp" 252
"../../../Engine/Content/EditorMaterials/PreviewShadowIndicator.uasset" 253
"../../../Engine/Content/EditorMaterials/PreviewShadowIndicator.uexp" 254
"../../../Engine/Content/EditorMaterials/PreviewShadowIndicator.ubulk" 255
"../../../Engine/Content/EditorMaterials/PreviewShadowIndicatorMaterial.uasset" 256
"../../../Engine/Content/EditorMaterials/PreviewShadowIndicatorMaterial.uexp" 257
"../../../Engine/Content/EditorMaterials/TargetIcon.uasset" 258
"../../../Engine/Content/EditorMaterials/TargetIcon.uexp" 259
"../../../Engine/Content/EditorMaterials/TargetIcon.ubulk" 260
"../../../Engine/Content/EditorMaterials/Tick.uasset" 261
"../../../Engine/Content/EditorMaterials/Tick.uexp" 262
"../../../Engine/Content/EditorMaterials/Tick_Mat.uasset" 263
"../../../Engine/Content/EditorMaterials/Tick_Mat.uexp" 264
"../../../Engine/Content/EditorMaterials/WidgetGridVertexColorMaterial.uasset" 265
"../../../Engine/Content/EditorMaterials/WidgetGridVertexColorMaterial.uexp" 266
"../../../Engine/Content/EditorMaterials/WidgetGridVertexColorMaterial.ubulk" 267
"../../../Engine/Content/EditorMaterials/WidgetGridVertexColorMaterial_Ma.uasset" 268
"../../../Engine/Content/EditorMaterials/WidgetGridVertexColorMaterial_Ma.uexp" 269
"../../../Engine/Content/EditorMaterials/WidgetMaterial.uasset" 270
"../../../Engine/Content/EditorMaterials/WidgetMaterial.uexp" 271
"../../../Engine/Content/EditorMaterials/WidgetMaterial_Current.uasset" 272
"../../../Engine/Content/EditorMaterials/WidgetMaterial_Current.uexp" 273
"../../../Engine/Content/EditorMaterials/WidgetMaterial_X.uasset" 274
"../../../Engine/Content/EditorMaterials/WidgetMaterial_X.uexp" 275
"../../../Engine/Content/EditorMaterials/WidgetMaterial_Y.uasset" 276
"../../../Engine/Content/EditorMaterials/WidgetMaterial_Y.uexp" 277
"../../../Engine/Content/EditorMaterials/WidgetMaterial_Z.uasset" 278
"../../../Engine/Content/EditorMaterials/WidgetMaterial_Z.uexp" 279
"../../../Engine/Content/EditorMaterials/WidgetVertexColorMaterial.uasset" 280
"../../../Engine/Content/EditorMaterials/WidgetVertexColorMaterial.uexp" 281
"../../../Engine/Content/EditorMaterials/MatineeGroups/MAT_ColorTrack.uasset" 282
"../../../Engine/Content/EditorMaterials/MatineeGroups/MAT_ColorTrack.uexp" 283
"../../../Engine/Content/EditorMaterials/MatineeGroups/MAT_Groups_Anim.uasset" 284
"../../../Engine/Content/EditorMaterials/MatineeGroups/MAT_Groups_Anim.uexp" 285
"../../../Engine/Content/EditorMaterials/MatineeGroups/MAT_Groups_AudioMaster.uasset" 286
"../../../Engine/Content/EditorMaterials/MatineeGroups/MAT_Groups_AudioMaster.uexp" 287
"../../../Engine/Content/EditorMaterials/MatineeGroups/MAT_Groups_Director.uasset" 288
"../../../Engine/Content/EditorMaterials/MatineeGroups/MAT_Groups_Director.uexp" 289
"../../../Engine/Content/EditorMaterials/MatineeGroups/MAT_Groups_Event.uasset" 290
"../../../Engine/Content/EditorMaterials/MatineeGroups/MAT_Groups_Event.uexp" 291
"../../../Engine/Content/EditorMaterials/MatineeGroups/MAT_Groups_Fade.uasset" 292
"../../../Engine/Content/EditorMaterials/MatineeGroups/MAT_Groups_Fade.uexp" 293
"../../../Engine/Content/EditorMaterials/MatineeGroups/MAT_Groups_Float.uasset" 294
"../../../Engine/Content/EditorMaterials/MatineeGroups/MAT_Groups_Float.uexp" 295
"../../../Engine/Content/EditorMaterials/MatineeGroups/MAT_Groups_Move.uasset" 296
"../../../Engine/Content/EditorMaterials/MatineeGroups/MAT_Groups_Move.uexp" 297
"../../../Engine/Content/EditorMaterials/MatineeGroups/MAT_Groups_Slomo.uasset" 298
"../../../Engine/Content/EditorMaterials/MatineeGroups/MAT_Groups_Slomo.uexp" 299
"../../../Engine/Content/EditorMaterials/MatineeGroups/MAT_Groups_Sound.uasset" 300
"../../../Engine/Content/EditorMaterials/MatineeGroups/MAT_Groups_Sound.uexp" 301
"../../../Engine/Content/EditorMaterials/MatineeGroups/MAT_Groups_Vector.uasset" 302
"../../../Engine/Content/EditorMaterials/MatineeGroups/MAT_Groups_Vector.uexp" 303
"../../../Engine/Content/EditorMaterials/ParticleSystems/PSysThumbnail_NoImage.uasset" 304
"../../../Engine/Content/EditorMaterials/ParticleSystems/PSysThumbnail_NoImage.uexp" 305
"../../../Engine/Content/EditorMaterials/ParticleSystems/PSysThumbnail_NoImage.ubulk" 306
"../../../Engine/Content/EditorMaterials/ParticleSystems/PSysThumbnail_OOD.uasset" 307
"../../../Engine/Content/EditorMaterials/ParticleSystems/PSysThumbnail_OOD.uexp" 308
"../../../Engine/Content/EditorMaterials/ParticleSystems/PSysThumbnail_OOD.ubulk" 309
"../../../Engine/Content/EngineMaterials/Grid.uasset" 310
"../../../Engine/Content/EngineMaterials/Grid.uexp" 311
"../../../Engine/Content/EngineMaterials/Grid.ubulk" 312
"../../../Engine/Content/EditorMaterials/Thumbnails/FloorPlaneMaterial.uasset" 313
"../../../Engine/Content/EditorMaterials/Thumbnails/FloorPlaneMaterial.uexp" 314
"../../../Engine/Content/EditorMeshes/EditorCube.uasset" 315
"../../../Engine/Content/EditorMeshes/EditorCube.uexp" 316
"../../../Engine/Content/EditorMeshes/EditorCylinder.uasset" 317
"../../../Engine/Content/EditorMeshes/EditorCylinder.uexp" 318
"../../../Engine/Content/EditorMeshes/EditorPlane.uasset" 319
"../../../Engine/Content/EditorMeshes/EditorPlane.uexp" 320
"../../../Engine/Content/EditorMaterials/Thumbnails/SkySphereMaterial.uasset" 321
"../../../Engine/Content/EditorMaterials/Thumbnails/SkySphereMaterial.uexp" 322
"../../../Engine/Content/EditorMeshes/EditorSkySphere.uasset" 323
"../../../Engine/Content/EditorMeshes/EditorSkySphere.uexp" 324
"../../../Engine/Content/EditorMeshes/EditorSphere.uasset" 325
"../../../Engine/Content/EditorMeshes/EditorSphere.uexp" 326
"../../../Engine/Content/EditorMeshes/PlanarReflectionPlane.uasset" 327
"../../../Engine/Content/EditorMeshes/PlanarReflectionPlane.uexp" 328
"../../../Engine/Content/EngineDebugMaterials/M_SimpleOpaque.uasset" 329
"../../../Engine/Content/EngineDebugMaterials/M_SimpleOpaque.uexp" 330
"../../../Engine/Content/EditorMaterials/Camera/MI_CineMat_CamViewFinder.uasset" 331
"../../../Engine/Content/EditorMaterials/Camera/MI_CineMat_CamViewFinder.uexp" 332
"../../../Engine/Content/EditorMaterials/Camera/CineMat.uasset" 333
"../../../Engine/Content/EditorMaterials/Camera/CineMat.uexp" 334
"../../../Engine/Content/EditorMaterials/Camera/MI_CineMat_CameraBody.uasset" 335
"../../../Engine/Content/EditorMaterials/Camera/MI_CineMat_CameraBody.uexp" 336
"../../../Engine/Content/EditorMeshes/Camera/SM_CineCam.uasset" 337
"../../../Engine/Content/EditorMeshes/Camera/SM_CineCam.uexp" 338
"../../../Engine/Content/EditorMaterials/Camera/MI_CineMat_Rig.uasset" 339
"../../../Engine/Content/EditorMaterials/Camera/MI_CineMat_Rig.uexp" 340
"../../../Engine/Content/EditorMeshes/Camera/SM_CraneRig_Arm.uasset" 341
"../../../Engine/Content/EditorMeshes/Camera/SM_CraneRig_Arm.uexp" 342
"../../../Engine/Content/EditorMeshes/Camera/SM_CraneRig_Base.uasset" 343
"../../../Engine/Content/EditorMeshes/Camera/SM_CraneRig_Base.uexp" 344
"../../../Engine/Content/EditorMeshes/Camera/SM_CraneRig_Body.uasset" 345
"../../../Engine/Content/EditorMeshes/Camera/SM_CraneRig_Body.uexp" 346
"../../../Engine/Content/EditorMeshes/Camera/SM_CraneRig_Mount.uasset" 347
"../../../Engine/Content/EditorMeshes/Camera/SM_CraneRig_Mount.uexp" 348
"../../../Engine/Content/EditorMeshes/Camera/SM_RailRig_Mount.uasset" 349
"../../../Engine/Content/EditorMeshes/Camera/SM_RailRig_Mount.uexp" 350
"../../../Engine/Content/EditorMeshes/Camera/SM_RailRig_Track.uasset" 351
"../../../Engine/Content/EditorMeshes/Camera/SM_RailRig_Track.uexp" 352
"../../../Engine/Content/EditorMeshes/ColorCalibrator/M_ChromeBall.uasset" 353
"../../../Engine/Content/EditorMeshes/ColorCalibrator/M_ChromeBall.uexp" 354
"../../../Engine/Content/EditorResources/Bad.uasset" 355
"../../../Engine/Content/EditorResources/Bad.uexp" 356
"../../../Engine/Content/EditorResources/Bad.ubulk" 357
"../../../Engine/Content/EditorResources/BSPVertex.uasset" 358
"../../../Engine/Content/EditorResources/BSPVertex.uexp" 359
"../../../Engine/Content/EditorResources/EmptyActor.uasset" 360
"../../../Engine/Content/EditorResources/EmptyActor.uexp" 361
"../../../Engine/Content/EditorResources/MatInstActSprite.uasset" 362
"../../../Engine/Content/EditorResources/MatInstActSprite.uexp" 363
"../../../Engine/Content/EditorResources/MatInstActSprite.ubulk" 364
"../../../Engine/Content/EditorResources/SceneManager.uasset" 365
"../../../Engine/Content/EditorResources/SceneManager.uexp" 366
"../../../Engine/Content/EditorResources/SceneManager.ubulk" 367
"../../../Engine/Content/EditorResources/SmallFont.uasset" 368
"../../../Engine/Content/EditorResources/SmallFont.uexp" 369
"../../../Engine/Content/EditorResources/S_Actor.uasset" 370
"../../../Engine/Content/EditorResources/S_Actor.uexp" 371
"../../../Engine/Content/EditorResources/S_Actor.ubulk" 372
"../../../Engine/Content/EditorResources/S_CameraShakeSource.uasset" 373
"../../../Engine/Content/EditorResources/S_CameraShakeSource.uexp" 374
"../../../Engine/Content/EditorResources/S_DecalActorIcon.uasset" 375
"../../../Engine/Content/EditorResources/S_DecalActorIcon.uexp" 376
"../../../Engine/Content/EditorResources/S_DecalActorIcon.ubulk" 377
"../../../Engine/Content/EditorResources/S_Emitter.uasset" 378
"../../../Engine/Content/EditorResources/S_Emitter.uexp" 379
"../../../Engine/Content/EditorResources/S_Emitter.ubulk" 380
"../../../Engine/Content/EditorResources/S_ExpoHeightFog.uasset" 381
"../../../Engine/Content/EditorResources/S_ExpoHeightFog.uexp" 382
"../../../Engine/Content/EditorResources/S_ExpoHeightFog.ubulk" 383
"../../../Engine/Content/EditorResources/S_FTest.uasset" 384
"../../../Engine/Content/EditorResources/S_FTest.uexp" 385
"../../../Engine/Content/EditorResources/S_KBSJoint.uasset" 386
"../../../Engine/Content/EditorResources/S_KBSJoint.uexp" 387
"../../../Engine/Content/EditorResources/S_KBSJoint.ubulk" 388
"../../../Engine/Content/EditorResources/S_KHinge.uasset" 389
"../../../Engine/Content/EditorResources/S_KHinge.uexp" 390
"../../../Engine/Content/EditorResources/S_KHinge.ubulk" 391
"../../../Engine/Content/EditorResources/S_KPrismatic.uasset" 392
"../../../Engine/Content/EditorResources/S_KPrismatic.uexp" 393
"../../../Engine/Content/EditorResources/S_KPrismatic.ubulk" 394
"../../../Engine/Content/EditorResources/S_LevelSequence.uasset" 395
"../../../Engine/Content/EditorResources/S_LevelSequence.uexp" 396
"../../../Engine/Content/EditorResources/S_LevelSequence.ubulk" 397
"../../../Engine/Content/EditorResources/S_NavP.uasset" 398
"../../../Engine/Content/EditorResources/S_NavP.uexp" 399
"../../../Engine/Content/EditorResources/S_NavP.ubulk" 400
"../../../Engine/Content/EditorResources/S_Note.uasset" 401
"../../../Engine/Content/EditorResources/S_Note.uexp" 402
"../../../Engine/Content/EditorResources/S_Note.ubulk" 403
"../../../Engine/Content/EditorResources/S_Player.uasset" 404
"../../../Engine/Content/EditorResources/S_Player.uexp" 405
"../../../Engine/Content/EditorResources/S_Player.ubulk" 406
"../../../Engine/Content/EditorResources/S_PortalActorIcon2.uasset" 407
"../../../Engine/Content/EditorResources/S_PortalActorIcon2.uexp" 408
"../../../Engine/Content/EditorResources/S_PortalActorIcon2.ubulk" 409
"../../../Engine/Content/EditorResources/S_RadForce.uasset" 410
"../../../Engine/Content/EditorResources/S_RadForce.uexp" 411
"../../../Engine/Content/EditorResources/S_RadForce.ubulk" 412
"../../../Engine/Content/EditorResources/S_ReflActorIcon.uasset" 413
"../../../Engine/Content/EditorResources/S_ReflActorIcon.uexp" 414
"../../../Engine/Content/EditorResources/S_ReflActorIcon.ubulk" 415
"../../../Engine/Content/EditorResources/S_SkyAtmosphere.uasset" 416
"../../../Engine/Content/EditorResources/S_SkyAtmosphere.uexp" 417
"../../../Engine/Content/EditorResources/S_SkyAtmosphere.ubulk" 418
"../../../Engine/Content/EditorResources/S_Solver.uasset" 419
"../../../Engine/Content/EditorResources/S_Solver.uexp" 420
"../../../Engine/Content/EditorResources/S_Solver.ubulk" 421
"../../../Engine/Content/EditorResources/S_Terrain.uasset" 422
"../../../Engine/Content/EditorResources/S_Terrain.uexp" 423
"../../../Engine/Content/EditorResources/S_Terrain.ubulk" 424
"../../../Engine/Content/EditorResources/S_TextRenderActorIcon.uasset" 425
"../../../Engine/Content/EditorResources/S_TextRenderActorIcon.uexp" 426
"../../../Engine/Content/EditorResources/S_TextRenderActorIcon.ubulk" 427
"../../../Engine/Content/EditorResources/S_Thruster.uasset" 428
"../../../Engine/Content/EditorResources/S_Thruster.uexp" 429
"../../../Engine/Content/EditorResources/S_Thruster.ubulk" 430
"../../../Engine/Content/EditorResources/S_Trigger.uasset" 431
"../../../Engine/Content/EditorResources/S_Trigger.uexp" 432
"../../../Engine/Content/EditorResources/S_Trigger.ubulk" 433
"../../../Engine/Content/EditorResources/S_VectorFieldVol.uasset" 434
"../../../Engine/Content/EditorResources/S_VectorFieldVol.uexp" 435
"../../../Engine/Content/EditorResources/S_VectorFieldVol.ubulk" 436
"../../../Engine/Content/EditorResources/S_VolumetricCloud.uasset" 437
"../../../Engine/Content/EditorResources/S_VolumetricCloud.uexp" 438
"../../../Engine/Content/EditorResources/S_VolumetricCloud.ubulk" 439
"../../../Engine/Content/EditorResources/S_WindDirectional.uasset" 440
"../../../Engine/Content/EditorResources/S_WindDirectional.uexp" 441
"../../../Engine/Content/EditorResources/S_WindDirectional.ubulk" 442
"../../../Engine/Content/EditorResources/AI/S_NavLink.uasset" 443
"../../../Engine/Content/EditorResources/AI/S_NavLink.uexp" 444
"../../../Engine/Content/EditorResources/LightIcons/SkyLight.uasset" 445
"../../../Engine/Content/EditorResources/LightIcons/SkyLight.uexp" 446
"../../../Engine/Content/EditorResources/LightIcons/S_LightDirectional.uasset" 447
"../../../Engine/Content/EditorResources/LightIcons/S_LightDirectional.uexp" 448
"../../../Engine/Content/EditorResources/LightIcons/S_LightDirectionalMove.uasset" 449
"../../../Engine/Content/EditorResources/LightIcons/S_LightDirectionalMove.uexp" 450
"../../../Engine/Content/EditorResources/LightIcons/S_LightError.uasset" 451
"../../../Engine/Content/EditorResources/LightIcons/S_LightError.uexp" 452
"../../../Engine/Content/EditorResources/LightIcons/S_LightPoint.uasset" 453
"../../../Engine/Content/EditorResources/LightIcons/S_LightPoint.uexp" 454
"../../../Engine/Content/EditorResources/LightIcons/S_LightPointMove.uasset" 455
"../../../Engine/Content/EditorResources/LightIcons/S_LightPointMove.uexp" 456
"../../../Engine/Content/EditorResources/LightIcons/S_LightSpot.uasset" 457
"../../../Engine/Content/EditorResources/LightIcons/S_LightSpot.uexp" 458
"../../../Engine/Content/EditorResources/LightIcons/S_LightSpotMove.uasset" 459
"../../../Engine/Content/EditorResources/LightIcons/S_LightSpotMove.uexp" 460
"../../../Engine/Content/EditorResources/SequenceRecorder/Countdown.uasset" 461
"../../../Engine/Content/EditorResources/SequenceRecorder/Countdown.uexp" 462
"../../../Engine/Content/EditorResources/SequenceRecorder/RecordingIndicator.uasset" 463
"../../../Engine/Content/EditorResources/SequenceRecorder/RecordingIndicator.uexp" 464
"../../../Engine/Content/EditorResources/Spline/T_Loft_Spline.uasset" 465
"../../../Engine/Content/EditorResources/Spline/T_Loft_Spline.uexp" 466
"../../../Engine/Content/EditorSounds/Notifications/CompileFailed.uasset" 467
"../../../Engine/Content/EditorSounds/Notifications/CompileFailed.uexp" 468
"../../../Engine/Content/EditorSounds/Notifications/CompileFailed_Cue.uasset" 469
"../../../Engine/Content/EditorSounds/Notifications/CompileFailed_Cue.uexp" 470
"../../../Engine/Content/EditorSounds/Notifications/CompileSuccess.uasset" 471
"../../../Engine/Content/EditorSounds/Notifications/CompileSuccess.uexp" 472
"../../../Engine/Content/EditorSounds/Notifications/CompileStart_Cue.uasset" 473
"../../../Engine/Content/EditorSounds/Notifications/CompileStart_Cue.uexp" 474
"../../../Engine/Content/EngineDamageTypes/DmgTypeBP_Environmental.uasset" 475
"../../../Engine/Content/EngineDamageTypes/DmgTypeBP_Environmental.uexp" 476
"../../../Engine/Content/EngineDebugMaterials/HeatmapGradient.uasset" 477
"../../../Engine/Content/EngineDebugMaterials/HeatmapGradient.uexp" 478
"../../../Engine/Content/EngineDebugMaterials/HeatmapGradient.ubulk" 479
"../../../Engine/Content/EngineDebugMaterials/BoneWeightMaterial.uasset" 480
"../../../Engine/Content/EngineDebugMaterials/BoneWeightMaterial.uexp" 481
"../../../Engine/Content/EngineDebugMaterials/ClothMaterial.uasset" 482
"../../../Engine/Content/EngineDebugMaterials/ClothMaterial.uexp" 483
"../../../Engine/Content/EngineDebugMaterials/ClothMaterial_WF.uasset" 484
"../../../Engine/Content/EngineDebugMaterials/ClothMaterial_WF.uexp" 485
"../../../Engine/Content/EngineDebugMaterials/DebugEditorMaterial.uasset" 486
"../../../Engine/Content/EngineDebugMaterials/DebugEditorMaterial.uexp" 487
"../../../Engine/Content/EngineDebugMaterials/DebugMeshMaterial.uasset" 488
"../../../Engine/Content/EngineDebugMaterials/DebugMeshMaterial.uexp" 489
"../../../Engine/Content/EngineDebugMaterials/GeomMaterial.uasset" 490
"../../../Engine/Content/EngineDebugMaterials/GeomMaterial.uexp" 491
"../../../Engine/Content/Functions/Engine_MaterialFunctions01/Shading/ConvertFromDiffSpec.uasset" 492
"../../../Engine/Content/Functions/Engine_MaterialFunctions01/Shading/ConvertFromDiffSpec.uexp" 493
"../../../Engine/Content/EngineDebugMaterials/LevelColorationLitMaterial.uasset" 494
"../../../Engine/Content/EngineDebugMaterials/LevelColorationLitMaterial.uexp" 495
"../../../Engine/Content/EngineDebugMaterials/LevelColorationUnlitMaterial.uasset" 496
"../../../Engine/Content/EngineDebugMaterials/LevelColorationUnlitMaterial.uexp" 497
"../../../Engine/Content/EngineMaterials/DefaultWhiteGrid.uasset" 498
"../../../Engine/Content/EngineMaterials/DefaultWhiteGrid.uexp" 499
"../../../Engine/Content/EngineMaterials/DefaultWhiteGrid.ubulk" 500
"../../../Engine/Content/EngineDebugMaterials/MAT_LevelColorationLitLightmapUV.uasset" 501
"../../../Engine/Content/EngineDebugMaterials/MAT_LevelColorationLitLightmapUV.uexp" 502
"../../../Engine/Content/EngineDebugMaterials/M_SimpleUnlitTranslucent.uasset" 503
"../../../Engine/Content/EngineDebugMaterials/M_SimpleUnlitTranslucent.uexp" 504
"../../../Engine/Content/EngineDebugMaterials/VolumeToRender.uasset" 505
"../../../Engine/Content/EngineDebugMaterials/VolumeToRender.uexp" 506
"../../../Engine/Content/Functions/Engine_MaterialFunctions02/Utility/CameraDirectionVector.uasset" 507
"../../../Engine/Content/Functions/Engine_MaterialFunctions02/Utility/CameraDirectionVector.uexp" 508
"../../../Engine/Content/EngineDebugMaterials/M_VolumeRenderSphereTracePP.uasset" 509
"../../../Engine/Content/EngineDebugMaterials/M_VolumeRenderSphereTracePP.uexp" 510
"../../../Engine/Content/EngineMaterials/DefaultWhiteGrid_Low.uasset" 511
"../../../Engine/Content/EngineMaterials/DefaultWhiteGrid_Low.uexp" 512
"../../../Engine/Content/EngineDebugMaterials/PhysicalMaterialMaskMaterial.uasset" 513
"../../../Engine/Content/EngineDebugMaterials/PhysicalMaterialMaskMaterial.uexp" 514
"../../../Engine/Content/EngineDebugMaterials/ShadedLevelColorationLitMaterial.uasset" 515
"../../../Engine/Content/EngineDebugMaterials/ShadedLevelColorationLitMaterial.uexp" 516
"../../../Engine/Content/EngineDebugMaterials/ShadedLevelColorationUnlitMateri.uasset" 517
"../../../Engine/Content/EngineDebugMaterials/ShadedLevelColorationUnlitMateri.uexp" 518
"../../../Engine/Content/EngineDebugMaterials/VertexColorMaterial.uasset" 519
"../../../Engine/Content/EngineDebugMaterials/VertexColorMaterial.uexp" 520
"../../../Engine/Content/EngineDebugMaterials/VertexColorViewMode_AlphaAsColor.uasset" 521
"../../../Engine/Content/EngineDebugMaterials/VertexColorViewMode_AlphaAsColor.uexp" 522
"../../../Engine/Content/EngineDebugMaterials/VertexColorViewMode_BlueOnly.uasset" 523
"../../../Engine/Content/EngineDebugMaterials/VertexColorViewMode_BlueOnly.uexp" 524
"../../../Engine/Content/EngineDebugMaterials/VertexColorViewMode_ColorOnly.uasset" 525
"../../../Engine/Content/EngineDebugMaterials/VertexColorViewMode_ColorOnly.uexp" 526
"../../../Engine/Content/EngineDebugMaterials/VertexColorViewMode_GreenOnly.uasset" 527
"../../../Engine/Content/EngineDebugMaterials/VertexColorViewMode_GreenOnly.uexp" 528
"../../../Engine/Content/EngineDebugMaterials/VertexColorViewMode_RedOnly.uasset" 529
"../../../Engine/Content/EngineDebugMaterials/VertexColorViewMode_RedOnly.uexp" 530
"../../../Engine/Content/EngineDebugMaterials/WireframeMaterial.uasset" 531
"../../../Engine/Content/EngineDebugMaterials/WireframeMaterial.uexp" 532
"../../../Engine/Content/EngineFonts/Faces/RobotoRegular.uasset" 533
"../../../Engine/Content/EngineFonts/Faces/RobotoRegular.uexp" 534
"../../../Engine/Content/EngineFonts/Faces/RobotoRegular.ufont" 535
"../../../Engine/Content/EngineFonts/Faces/RobotoLight.uasset" 536
"../../../Engine/Content/EngineFonts/Faces/RobotoLight.uexp" 537
"../../../Engine/Content/EngineFonts/Faces/RobotoLight.ufont" 538
"../../../Engine/Content/EngineFonts/Faces/RobotoItalic.uasset" 539
"../../../Engine/Content/EngineFonts/Faces/RobotoItalic.uexp" 540
"../../../Engine/Content/EngineFonts/Faces/RobotoItalic.ufont" 541
"../../../Engine/Content/EngineFonts/Faces/RobotoBoldItalic.uasset" 542
"../../../Engine/Content/EngineFonts/Faces/RobotoBoldItalic.uexp" 543
"../../../Engine/Content/EngineFonts/Faces/RobotoBoldItalic.ufont" 544
"../../../Engine/Content/EngineFonts/Faces/RobotoBold.uasset" 545
"../../../Engine/Content/EngineFonts/Faces/RobotoBold.uexp" 546
"../../../Engine/Content/EngineFonts/Faces/RobotoBold.ufont" 547
"../../../Engine/Content/EngineFonts/Faces/DroidSansFallback.uasset" 548
"../../../Engine/Content/EngineFonts/Faces/DroidSansFallback.uexp" 549
"../../../Engine/Content/EngineFonts/Faces/DroidSansFallback.ufont" 550
"../../../Engine/Content/EngineFonts/Roboto.uasset" 551
"../../../Engine/Content/EngineFonts/Roboto.uexp" 552
"../../../Engine/Content/EngineFonts/Faces/RobotoTiny.uasset" 553
"../../../Engine/Content/EngineFonts/Faces/RobotoTiny.uexp" 554
"../../../Engine/Content/EngineFonts/Faces/RobotoTiny.ufont" 555
"../../../Engine/Content/EngineFonts/RobotoTiny.uasset" 556
"../../../Engine/Content/EngineFonts/RobotoTiny.uexp" 557
"../../../Engine/Content/EngineFonts/SmallFont.uasset" 558
"../../../Engine/Content/EngineFonts/SmallFont.uexp" 559
"../../../Engine/Content/EngineFonts/TinyFont.uasset" 560
"../../../Engine/Content/EngineFonts/TinyFont.uexp" 561
"../../../Engine/Content/EngineMaterials/BaseFlattenNormalMap.uasset" 562
"../../../Engine/Content/EngineMaterials/BaseFlattenNormalMap.uexp" 563
"../../../Engine/Content/EngineMaterials/BaseFlattenGrayscaleMap.uasset" 564
"../../../Engine/Content/EngineMaterials/BaseFlattenGrayscaleMap.uexp" 565
"../../../Engine/Content/EngineMaterials/BaseFlattenEmissiveMap.uasset" 566
"../../../Engine/Content/EngineMaterials/BaseFlattenEmissiveMap.uexp" 567
"../../../Engine/Content/EngineMaterials/BaseFlattenDiffuseMap.uasset" 568
"../../../Engine/Content/EngineMaterials/BaseFlattenDiffuseMap.uexp" 569
"../../../Engine/Content/EngineMaterials/BaseFlattenMaterial.uasset" 570
"../../../Engine/Content/EngineMaterials/BaseFlattenMaterial.uexp" 571
"../../../Engine/Content/EngineResources/WhiteSquareTexture.uasset" 572
"../../../Engine/Content/EngineResources/WhiteSquareTexture.uexp" 573
"../../../Engine/Content/EngineMaterials/BlinkingCaret.uasset" 574
"../../../Engine/Content/EngineMaterials/BlinkingCaret.uexp" 575
"../../../Engine/Content/EngineMaterials/BlueNoise.uasset" 576
"../../../Engine/Content/EngineMaterials/BlueNoise.uexp" 577
"../../../Engine/Content/EngineMaterials/DefaultBloomKernel.uasset" 578
"../../../Engine/Content/EngineMaterials/DefaultBloomKernel.uexp" 579
"../../../Engine/Content/EngineMaterials/DefaultBokeh.uasset" 580
"../../../Engine/Content/EngineMaterials/DefaultBokeh.uexp" 581
"../../../Engine/Content/EngineMaterials/DefaultDeferredDecalMaterial.uasset" 582
"../../../Engine/Content/EngineMaterials/DefaultDeferredDecalMaterial.uexp" 583
"../../../Engine/Content/EngineMaterials/DefaultLightFunctionMaterial.uasset" 584
"../../../Engine/Content/EngineMaterials/DefaultLightFunctionMaterial.uexp" 585
"../../../Engine/Content/EngineMaterials/DefaultNormal.uasset" 586
"../../../Engine/Content/EngineMaterials/DefaultNormal.uexp" 587
"../../../Engine/Content/EngineMaterials/DefaultNormal.ubulk" 588
"../../../Engine/Content/EngineMaterials/DefaultPostProcessMaterial.uasset" 589
"../../../Engine/Content/EngineMaterials/DefaultPostProcessMaterial.uexp" 590
"../../../Engine/Content/EngineFonts/RobotoDistanceField.uasset" 591
"../../../Engine/Content/EngineFonts/RobotoDistanceField.uexp" 592
"../../../Engine/Content/EngineMaterials/DefaultTextMaterialOpaque.uasset" 593
"../../../Engine/Content/EngineMaterials/DefaultTextMaterialOpaque.uexp" 594
"../../../Engine/Content/EngineMaterials/EditorBrushMaterial.uasset" 595
"../../../Engine/Content/EngineMaterials/EditorBrushMaterial.uexp" 596
"../../../Engine/Content/EngineMaterials/EmissiveMeshMaterial.uasset" 597
"../../../Engine/Content/EngineMaterials/EmissiveMeshMaterial.uexp" 598
"../../../Engine/Content/EngineMaterials/GizmoMaterial.uasset" 599
"../../../Engine/Content/EngineMaterials/GizmoMaterial.uexp" 600
"../../../Engine/Content/EngineMaterials/Good64x64TilingNoiseHighFreq.uasset" 601
"../../../Engine/Content/EngineMaterials/Good64x64TilingNoiseHighFreq.uexp" 602
"../../../Engine/Content/EngineMaterials/Grid_N.uasset" 603
"../../../Engine/Content/EngineMaterials/Grid_N.uexp" 604
"../../../Engine/Content/EngineMaterials/Grid_N.ubulk" 605
"../../../Engine/Content/EngineMaterials/HighResolutionScreenshotMaskFunction.uasset" 606
"../../../Engine/Content/EngineMaterials/HighResolutionScreenshotMaskFunction.uexp" 607
"../../../Engine/Content/EngineMaterials/HighResScreenshot.uasset" 608
"../../../Engine/Content/EngineMaterials/HighResScreenshot.uexp" 609
"../../../Engine/Content/EngineMaterials/HighResScreenshotCaptureRegion.uasset" 610
"../../../Engine/Content/EngineMaterials/HighResScreenshotCaptureRegion.uexp" 611
"../../../Engine/Content/EngineMaterials/HighResScreenshotMask.uasset" 612
"../../../Engine/Content/EngineMaterials/HighResScreenshotMask.uexp" 613
"../../../Engine/Content/EngineMaterials/LandscapeHolePhysicalMaterial.uasset" 614
"../../../Engine/Content/EngineMaterials/LandscapeHolePhysicalMaterial.uexp" 615
"../../../Engine/Content/EngineMaterials/InvalidLightmapSettings.uasset" 616
"../../../Engine/Content/EngineMaterials/InvalidLightmapSettings.uexp" 617
"../../../Engine/Content/EngineMaterials/InvalidLightmapSettings.ubulk" 618
"../../../Engine/Content/EngineMaterials/M_InvalidLightmapSettings.uasset" 619
"../../../Engine/Content/EngineMaterials/M_InvalidLightmapSettings.uexp" 620
"../../../Engine/Content/EngineMaterials/PaperDiffuse.uasset" 621
"../../../Engine/Content/EngineMaterials/PaperDiffuse.uexp" 622
"../../../Engine/Content/EngineMaterials/PaperNormal.uasset" 623
"../../../Engine/Content/EngineMaterials/PaperNormal.uexp" 624
"../../../Engine/Content/Functions/Engine_MaterialFunctions02/WorldPositionOffset/CameraOffset.uasset" 625
"../../../Engine/Content/Functions/Engine_MaterialFunctions02/WorldPositionOffset/CameraOffset.uexp" 626
"../../../Engine/Content/EngineMaterials/PhAT_JointLimitMaterial.uasset" 627
"../../../Engine/Content/EngineMaterials/PhAT_JointLimitMaterial.uexp" 628
"../../../Engine/Content/EngineMaterials/PhysMat_Rubber.uasset" 629
"../../../Engine/Content/EngineMaterials/PhysMat_Rubber.uexp" 630
"../../../Engine/Content/EngineMaterials/DefaultCalibrationColor.uasset" 631
"../../../Engine/Content/EngineMaterials/DefaultCalibrationColor.uexp" 632
"../../../Engine/Content/EngineMaterials/PPM_DefaultCalibrationColor.uasset" 633
"../../../Engine/Content/EngineMaterials/PPM_DefaultCalibrationColor.uexp" 634
"../../../Engine/Content/EngineMaterials/DefaultCalibrationGrayscale.uasset" 635
"../../../Engine/Content/EngineMaterials/DefaultCalibrationGrayscale.uexp" 636
"../../../Engine/Content/EngineMaterials/PPM_DefaultCalibrationGrayscale.uasset" 637
"../../../Engine/Content/EngineMaterials/PPM_DefaultCalibrationGrayscale.uexp" 638
"../../../Engine/Content/EngineMaterials/PreintegratedSkinBRDF.uasset" 639
"../../../Engine/Content/EngineMaterials/PreintegratedSkinBRDF.uexp" 640
"../../../Engine/Content/EngineMaterials/RemoveSurfaceMaterial.uasset" 641
"../../../Engine/Content/EngineMaterials/RemoveSurfaceMaterial.uexp" 642
"../../../Engine/Content/EngineMaterials/WeightMapPlaceholderTexture.uasset" 643
"../../../Engine/Content/EngineMaterials/WeightMapPlaceholderTexture.uexp" 644
"../../../Engine/Content/Functions/Engine_MaterialFunctions01/ImageAdjustment/sRGBToLinear.uasset" 645
"../../../Engine/Content/Functions/Engine_MaterialFunctions01/ImageAdjustment/sRGBToLinear.uexp" 646
"../../../Engine/Content/Functions/Engine_MaterialFunctions02/Utility/BreakOutFloat3Components.uasset" 647
"../../../Engine/Content/Functions/Engine_MaterialFunctions02/Utility/BreakOutFloat3Components.uexp" 648
"../../../Engine/Content/EngineMaterials/Widget3DCameraPassThrough_Opaque_OneSided.uasset" 649
"../../../Engine/Content/EngineMaterials/Widget3DCameraPassThrough_Opaque_OneSided.uexp" 650
"../../../Engine/Content/EngineMaterials/Widget3DPassThrough.uasset" 651
"../../../Engine/Content/EngineMaterials/Widget3DPassThrough.uexp" 652
"../../../Engine/Content/EngineMaterials/Widget3DPassThrough_Masked.uasset" 653
"../../../Engine/Content/EngineMaterials/Widget3DPassThrough_Masked.uexp" 654
"../../../Engine/Content/EngineMaterials/Widget3DPassThrough_Opaque.uasset" 655
"../../../Engine/Content/EngineMaterials/Widget3DPassThrough_Opaque.uexp" 656
"../../../Engine/Content/EngineMaterials/Widget3DPassThrough_Masked_OneSided.uasset" 657
"../../../Engine/Content/EngineMaterials/Widget3DPassThrough_Masked_OneSided.uexp" 658
"../../../Engine/Content/EngineMaterials/Widget3DPassThrough_Opaque_OneSided.uasset" 659
"../../../Engine/Content/EngineMaterials/Widget3DPassThrough_Opaque_OneSided.uexp" 660
"../../../Engine/Content/EngineMaterials/Widget3DPassThrough_Translucent.uasset" 661
"../../../Engine/Content/EngineMaterials/Widget3DPassThrough_Translucent.uexp" 662
"../../../Engine/Content/EngineMaterials/Widget3DPassThrough_Translucent_OneSided.uasset" 663
"../../../Engine/Content/EngineMaterials/Widget3DPassThrough_Translucent_OneSided.uexp" 664
"../../../Engine/Content/EngineMeshes/Cylinder.uasset" 665
"../../../Engine/Content/EngineMeshes/Cylinder.uexp" 666
"../../../Engine/Content/EngineMeshes/Sphere.uasset" 667
"../../../Engine/Content/EngineMeshes/Sphere.uexp" 668
"../../../Engine/Content/EngineResources/DefaultTexture.uasset" 669
"../../../Engine/Content/EngineResources/DefaultTexture.uexp" 670
"../../../Engine/Content/EngineResources/DefaultTexture.ubulk" 671
"../../../Engine/Content/EngineResources/DefaultTextureCube.uasset" 672
"../../../Engine/Content/EngineResources/DefaultTextureCube.uexp" 673
"../../../Engine/Content/EngineResources/DefaultVolumeTexture2D.uasset" 674
"../../../Engine/Content/EngineResources/DefaultVolumeTexture2D.uexp" 675
"../../../Engine/Content/EngineResources/DefaultVolumeTexture.uasset" 676
"../../../Engine/Content/EngineResources/DefaultVolumeTexture.uexp" 677
"../../../Engine/Content/EngineResources/GradientTexture0.uasset" 678
"../../../Engine/Content/EngineResources/GradientTexture0.uexp" 679
"../../../Engine/Content/EngineResources/StreamingPauseIcon.uasset" 680
"../../../Engine/Content/EngineResources/StreamingPauseIcon.uexp" 681
"../../../Engine/Content/EngineResources/M_StreamingPause.uasset" 682
"../../../Engine/Content/EngineResources/M_StreamingPause.uexp" 683
"../../../Engine/Content/EngineSky/VolumetricClouds/T_NoiseShape64.uasset" 684
"../../../Engine/Content/EngineSky/VolumetricClouds/T_NoiseShape64.uexp" 685
"../../../Engine/Content/EngineSky/VolumetricClouds/T_NoiseShape64.ubulk" 686
"../../../Engine/Content/EngineSky/VolumetricClouds/T_VolumeNoiseShape64.uasset" 687
"../../../Engine/Content/EngineSky/VolumetricClouds/T_VolumeNoiseShape64.uexp" 688
"../../../Engine/Content/EngineSky/VolumetricClouds/T_NoiseErosion.uasset" 689
"../../../Engine/Content/EngineSky/VolumetricClouds/T_NoiseErosion.uexp" 690
"../../../Engine/Content/EngineSky/VolumetricClouds/T_NoiseErosion.ubulk" 691
"../../../Engine/Content/EngineSky/VolumetricClouds/T_VolumeNoiseErosion32.uasset" 692
"../../../Engine/Content/EngineSky/VolumetricClouds/T_VolumeNoiseErosion32.uexp" 693
"../../../Engine/Content/EngineSky/VolumetricClouds/CloudWeatherTexture.uasset" 694
"../../../Engine/Content/EngineSky/VolumetricClouds/CloudWeatherTexture.uexp" 695
"../../../Engine/Content/EngineSky/VolumetricClouds/CloudGradientTexture.uasset" 696
"../../../Engine/Content/EngineSky/VolumetricClouds/CloudGradientTexture.uexp" 697
"../../../Engine/Content/EngineSky/VolumetricClouds/m_SimpleVolumetricCloud.uasset" 698
"../../../Engine/Content/EngineSky/VolumetricClouds/m_SimpleVolumetricCloud.uexp" 699
"../../../Engine/Content/EngineSky/VolumetricClouds/m_SimpleVolumetricCloud_Inst.uasset" 700
"../../../Engine/Content/EngineSky/VolumetricClouds/m_SimpleVolumetricCloud_Inst.uexp" 701
"../../../Engine/Content/EngineSounds/Master.uasset" 702
"../../../Engine/Content/EngineSounds/Master.uexp" 703
"../../../Engine/Content/Functions/Engine_MaterialFunctions01/Shading/PowerToRoughness.uasset" 704
"../../../Engine/Content/Functions/Engine_MaterialFunctions01/Shading/PowerToRoughness.uexp" 705
"../../../Engine/Content/Maps/Templates/Thumbnails/Default.uasset" 706
"../../../Engine/Content/Maps/Templates/Thumbnails/Default.uexp" 707
"../../../Engine/Content/Maps/Templates/Thumbnails/TimeOfDay.uasset" 708
"../../../Engine/Content/Maps/Templates/Thumbnails/TimeOfDay.uexp" 709
"../../../Engine/Content/Maps/Templates/Thumbnails/VR-Basic.uasset" 710
"../../../Engine/Content/Maps/Templates/Thumbnails/VR-Basic.uexp" 711
"../../../Engine/Content/MapTemplates/Sky/DaylightAmbientCubemap.uasset" 712
"../../../Engine/Content/MapTemplates/Sky/DaylightAmbientCubemap.uexp" 713
"../../../Engine/Content/MobileResources/T_MobileControls_texture.uasset" 714
"../../../Engine/Content/MobileResources/T_MobileControls_texture.uexp" 715
"../../../Engine/Content/MobileResources/T_MobileMenu2.uasset" 716
"../../../Engine/Content/MobileResources/T_MobileMenu2.uexp" 717
"../../../Engine/Content/MobileResources/HUD/AnalogHat.uasset" 718
"../../../Engine/Content/MobileResources/HUD/AnalogHat.uexp" 719
"../../../Engine/Content/MobileResources/HUD/VirtualJoystick_Thumb.uasset" 720
"../../../Engine/Content/MobileResources/HUD/VirtualJoystick_Thumb.uexp" 721
"../../../Engine/Content/MobileResources/HUD/VirtualJoystick_Background.uasset" 722
"../../../Engine/Content/MobileResources/HUD/VirtualJoystick_Background.uexp" 723
"../../../Engine/Content/MobileResources/HUD/DefaultVirtualJoysticks.uasset" 724
"../../../Engine/Content/MobileResources/HUD/DefaultVirtualJoysticks.uexp" 725
"../../../Engine/Content/MobileResources/HUD/LeftVirtualJoystickOnly.uasset" 726
"../../../Engine/Content/MobileResources/HUD/LeftVirtualJoystickOnly.uexp" 727
"../../../Engine/Content/MobileResources/HUD/MobileHUDButton1_off.uasset" 728
"../../../Engine/Content/MobileResources/HUD/MobileHUDButton1_off.uexp" 729
"../../../Engine/Content/MobileResources/HUD/MobileHUDButton1_on.uasset" 730
"../../../Engine/Content/MobileResources/HUD/MobileHUDButton1_on.uexp" 731
"../../../Engine/Content/MobileResources/HUD/MobileHUDButton2_off.uasset" 732
"../../../Engine/Content/MobileResources/HUD/MobileHUDButton2_off.uexp" 733
"../../../Engine/Content/MobileResources/HUD/MobileHUDButton2_on.uasset" 734
"../../../Engine/Content/MobileResources/HUD/MobileHUDButton2_on.uexp" 735
"../../../Engine/Content/MobileResources/HUD/MobileHUDButton3.uasset" 736
"../../../Engine/Content/MobileResources/HUD/MobileHUDButton3.uexp" 737
"../../../Engine/Content/MobileResources/HUD/MobileHUDButtonFire.uasset" 738
"../../../Engine/Content/MobileResources/HUD/MobileHUDButtonFire.uexp" 739
"../../../Engine/Content/MobileResources/HUD/MobileHUDDirectionPad.uasset" 740
"../../../Engine/Content/MobileResources/HUD/MobileHUDDirectionPad.uexp" 741
"../../../Engine/Content/MobileResources/HUD/MobileHUDDirectionPad2.uasset" 742
"../../../Engine/Content/MobileResources/HUD/MobileHUDDirectionPad2.uexp" 743
"../../../Engine/Content/MobileResources/HUD/MobileHUDDirectionPad3.uasset" 744
"../../../Engine/Content/MobileResources/HUD/MobileHUDDirectionPad3.uexp" 745
"../../../Engine/Content/MobileResources/HUD/MobileHUDDirectionStick.uasset" 746
"../../../Engine/Content/MobileResources/HUD/MobileHUDDirectionStick.uexp" 747
"../../../Engine/Content/MobileResources/HUD/T_Castle_ThumbstickInner.uasset" 748
"../../../Engine/Content/MobileResources/HUD/T_Castle_ThumbstickInner.uexp" 749
"../../../Engine/Content/MobileResources/HUD/T_Castle_ThumbstickOutter.uasset" 750
"../../../Engine/Content/MobileResources/HUD/T_Castle_ThumbstickOutter.uexp" 751
"../../../Engine/Content/Tutorial/ContentIntroCurve.uasset" 752
"../../../Engine/Content/Tutorial/ContentIntroCurve.uexp" 753
"../../../Engine/Content/Tutorial/Basics/TutorialAssets/icon_tab_Levels_40x.uasset" 754
"../../../Engine/Content/Tutorial/Basics/TutorialAssets/icon_tab_Levels_40x.uexp" 755
"../../../Engine/Content/VREditor/TransformGizmo/TranslucentTransformGizmoMaterial.uasset" 756
"../../../Engine/Content/VREditor/TransformGizmo/TranslucentTransformGizmoMaterial.uexp" 757
"../../../Engine/Content/VREditor/LaserPointer/VR_LaserPower_01.uasset" 758
"../../../Engine/Content/VREditor/LaserPointer/VR_LaserPower_01.uexp" 759
"../../../Engine/Content/VREditor/LaserPointer/VR_LaserPower_01.ubulk" 760
"../../../Engine/Content/VREditor/TransformGizmo/TransformGizmoMaterial.uasset" 761
"../../../Engine/Content/VREditor/TransformGizmo/TransformGizmoMaterial.uexp" 762
"../../../Engine/Content/VREditor/TransformGizmo/BoundingBoxCorner.uasset" 763
"../../../Engine/Content/VREditor/TransformGizmo/BoundingBoxCorner.uexp" 764
"../../../Engine/Content/VREditor/TransformGizmo/BoundingBoxEdge.uasset" 765
"../../../Engine/Content/VREditor/TransformGizmo/BoundingBoxEdge.uexp" 766
"../../../Engine/Content/VREditor/TransformGizmo/PlaneTranslationHandle.uasset" 767
"../../../Engine/Content/VREditor/TransformGizmo/PlaneTranslationHandle.uexp" 768
"../../../Engine/Content/VREditor/TransformGizmo/Xray.uasset" 769
"../../../Engine/Content/VREditor/TransformGizmo/Xray.uexp" 770
"../../../Engine/Content/VREditor/TransformGizmo/Main.uasset" 771
"../../../Engine/Content/VREditor/TransformGizmo/Main.uexp" 772
"../../../Engine/Content/VREditor/TransformGizmo/SM_Sequencer_Key.uasset" 773
"../../../Engine/Content/VREditor/TransformGizmo/SM_Sequencer_Key.uexp" 774
"../../../Engine/Content/VREditor/TransformGizmo/SM_Sequencer_Node.uasset" 775
"../../../Engine/Content/VREditor/TransformGizmo/SM_Sequencer_Node.uexp" 776
"../../../Engine/Plugins/2D/Paper2D/Content/PlaceholderTextures/DummySpriteTexture.uasset" 777
"../../../Engine/Plugins/2D/Paper2D/Content/PlaceholderTextures/DummySpriteTexture.uexp" 778
"../../../Engine/Plugins/2D/Paper2D/Content/PlaceholderTextures/DummySpriteTexture.ubulk" 779
"../../../Engine/Plugins/2D/Paper2D/Content/DummySprite.uasset" 780
"../../../Engine/Plugins/2D/Paper2D/Content/DummySprite.uexp" 781
"../../../Engine/Plugins/2D/Paper2D/Content/DefaultPaperTerrainMaterial.uasset" 782
"../../../Engine/Plugins/2D/Paper2D/Content/DefaultPaperTerrainMaterial.uexp" 783
"../../../Engine/Plugins/2D/Paper2D/Content/DefaultSpriteMaterial.uasset" 784
"../../../Engine/Plugins/2D/Paper2D/Content/DefaultSpriteMaterial.uexp" 785
"../../../Engine/Plugins/2D/Paper2D/Content/MaskedUnlitSpriteMaterial.uasset" 786
"../../../Engine/Plugins/2D/Paper2D/Content/MaskedUnlitSpriteMaterial.uexp" 787
"../../../Engine/Plugins/2D/Paper2D/Content/OpaqueUnlitSpriteMaterial.uasset" 788
"../../../Engine/Plugins/2D/Paper2D/Content/OpaqueUnlitSpriteMaterial.uexp" 789
"../../../Engine/Plugins/Editor/SpeedTreeImporter/Content/SpeedTree9/UnpackInteger3.uasset" 790
"../../../Engine/Plugins/Editor/SpeedTreeImporter/Content/SpeedTree9/UnpackInteger3.uexp" 791
"../../../Engine/Plugins/Editor/SpeedTreeImporter/Content/SpeedTree9/UnpackDirection.uasset" 792
"../../../Engine/Plugins/Editor/SpeedTreeImporter/Content/SpeedTree9/UnpackDirection.uexp" 793
"../../../Engine/Plugins/Editor/SpeedTreeImporter/Content/SpeedTree9/game_wind_noise.uasset" 794
"../../../Engine/Plugins/Editor/SpeedTreeImporter/Content/SpeedTree9/game_wind_noise.uexp" 795
"../../../Engine/Plugins/Editor/SpeedTreeImporter/Content/SpeedTree9/game_wind_noise.ubulk" 796
"../../../Engine/Content/Functions/Engine_MaterialFunctions02/SafeNormalize.uasset" 797
"../../../Engine/Content/Functions/Engine_MaterialFunctions02/SafeNormalize.uexp" 798
"../../../Engine/Plugins/Editor/SpeedTreeImporter/Content/SpeedTree9/SpeedTreeWindMotion.uasset" 799
"../../../Engine/Plugins/Editor/SpeedTreeImporter/Content/SpeedTree9/SpeedTreeWindMotion.uexp" 800
"../../../Engine/Plugins/Editor/SpeedTreeImporter/Content/SpeedTree9/SpeedTreeBranchMotion.uasset" 801
"../../../Engine/Plugins/Editor/SpeedTreeImporter/Content/SpeedTree9/SpeedTreeBranchMotion.uexp" 802
"../../../Engine/Content/Functions/Engine_MaterialFunctions02/ObjectLocalBounds.uasset" 803
"../../../Engine/Content/Functions/Engine_MaterialFunctions02/ObjectLocalBounds.uexp" 804
"../../../Engine/Content/Functions/Engine_MaterialFunctions02/UVs/BoundingBoxBased_0-1_UVW.uasset" 805
"../../../Engine/Content/Functions/Engine_MaterialFunctions02/UVs/BoundingBoxBased_0-1_UVW.uexp" 806
"../../../Engine/Content/Functions/Engine_MaterialFunctions02/WorldPositionOffset/ObjectScale.uasset" 807
"../../../Engine/Content/Functions/Engine_MaterialFunctions02/WorldPositionOffset/ObjectScale.uexp" 808
"../../../Engine/Plugins/Editor/SpeedTreeImporter/Content/SpeedTree9/SpeedTreeWind.uasset" 809
"../../../Engine/Plugins/Editor/SpeedTreeImporter/Content/SpeedTree9/SpeedTreeWind.uexp" 810
"../../../Engine/Plugins/Editor/SpeedTreeImporter/Content/SpeedTree9/SpeedTreeBillboard.uasset" 811
"../../../Engine/Plugins/Editor/SpeedTreeImporter/Content/SpeedTree9/SpeedTreeBillboard.uexp" 812
"../../../Engine/Plugins/Editor/SpeedTreeImporter/Content/SpeedTree9/EmptyNormal.uasset" 813
"../../../Engine/Plugins/Editor/SpeedTreeImporter/Content/SpeedTree9/EmptyNormal.uexp" 814
"../../../Engine/Plugins/Editor/SpeedTreeImporter/Content/SpeedTree9/Empty.uasset" 815
"../../../Engine/Plugins/Editor/SpeedTreeImporter/Content/SpeedTree9/Empty.uexp" 816
"../../../Engine/Plugins/Editor/SpeedTreeImporter/Content/SpeedTree9/SpeedTreeBillboardMaster.uasset" 817
"../../../Engine/Plugins/Editor/SpeedTreeImporter/Content/SpeedTree9/SpeedTreeBillboardMaster.uexp" 818
"../../../Engine/Plugins/Editor/SpeedTreeImporter/Content/SpeedTree9/SpeedTreeCameraFacing.uasset" 819
"../../../Engine/Plugins/Editor/SpeedTreeImporter/Content/SpeedTree9/SpeedTreeCameraFacing.uexp" 820
"../../../Engine/Plugins/Editor/SpeedTreeImporter/Content/SpeedTree9/SpeedTreeMaster.uasset" 821
"../../../Engine/Plugins/Editor/SpeedTreeImporter/Content/SpeedTree9/SpeedTreeMaster.uexp" 822
"../../../Engine/Plugins/FX/Niagara/Content/Enums/ENiagaraRandomnessMode.uasset" 823
"../../../Engine/Plugins/FX/Niagara/Content/Enums/ENiagaraRandomnessMode.uexp" 824
"../../../Engine/Plugins/FX/Niagara/Content/Icons/S_ParticleSystem.uasset" 825
"../../../Engine/Plugins/FX/Niagara/Content/Icons/S_ParticleSystem.uexp" 826
"../../../Engine/Plugins/FX/Niagara/Content/Icons/S_ParticleSystem.ubulk" 827
"../../../Engine/Content/BasicShapes/Cylinder.uasset" 828
"../../../Engine/Content/BasicShapes/Cylinder.uexp" 829
"../../../Engine/Content/ArtTools/RenderToTexture/Materials/Debug/M_Emissive_Color.uasset" 830
"../../../Engine/Content/ArtTools/RenderToTexture/Materials/Debug/M_Emissive_Color.uexp" 831
"../../../Engine/Plugins/Lumin/MagicLeapPassableWorld/Content/MagicLeapARPinInfoActor.uasset" 832
"../../../Engine/Plugins/Lumin/MagicLeapPassableWorld/Content/MagicLeapARPinInfoActor.uexp" 833
"../../../Engine/Plugins/Runtime/OpenXR/Content/Devices/GoogleDaydream/MRTexture.uasset" 834
"../../../Engine/Plugins/Runtime/OpenXR/Content/Devices/GoogleDaydream/MRTexture.uexp" 835
"../../../Engine/Plugins/Runtime/OpenXR/Content/Devices/GoogleDaydream/MRTexture.ubulk" 836
"../../../Engine/Content/EngineResources/Black.uasset" 837
"../../../Engine/Content/EngineResources/Black.uexp" 838
"../../../Engine/Plugins/Runtime/OpenXR/Content/Devices/M_XRController.uasset" 839
"../../../Engine/Plugins/Runtime/OpenXR/Content/Devices/M_XRController.uexp" 840
"../../../Engine/Plugins/Runtime/OpenXR/Content/Devices/GoogleDaydream/BaseTexture.uasset" 841
"../../../Engine/Plugins/Runtime/OpenXR/Content/Devices/GoogleDaydream/BaseTexture.uexp" 842
"../../../Engine/Plugins/Runtime/OpenXR/Content/Devices/GoogleDaydream/BaseTexture.ubulk" 843
"../../../Engine/Plugins/Runtime/OpenXR/Content/Devices/GoogleDaydream/MI_GoogleDaydream.uasset" 844
"../../../Engine/Plugins/Runtime/OpenXR/Content/Devices/GoogleDaydream/MI_GoogleDaydream.uexp" 845
"../../../Engine/Plugins/Runtime/OpenXR/Content/Devices/GoogleDaydream/GoogleDaydreamController.uasset" 846
"../../../Engine/Plugins/Runtime/OpenXR/Content/Devices/GoogleDaydream/GoogleDaydreamController.uexp" 847
"../../../Engine/Plugins/Runtime/OpenXR/Content/Devices/HTCVive/BaseTexture.uasset" 848
"../../../Engine/Plugins/Runtime/OpenXR/Content/Devices/HTCVive/BaseTexture.uexp" 849
"../../../Engine/Plugins/Runtime/OpenXR/Content/Devices/HTCVive/BaseTexture.ubulk" 850
"../../../Engine/Plugins/Runtime/OpenXR/Content/Devices/HTCVive/MI_HTCVive.uasset" 851
"../../../Engine/Plugins/Runtime/OpenXR/Content/Devices/HTCVive/MI_HTCVive.uexp" 852
"../../../Engine/Plugins/Runtime/OpenXR/Content/Devices/HTCVive/HTCViveController.uasset" 853
"../../../Engine/Plugins/Runtime/OpenXR/Content/Devices/HTCVive/HTCViveController.uexp" 854
"../../../Engine/Plugins/Runtime/OpenXR/Content/Devices/MicrosoftMixedReality/NormalTexture.uasset" 855
"../../../Engine/Plugins/Runtime/OpenXR/Content/Devices/MicrosoftMixedReality/NormalTexture.uexp" 856
"../../../Engine/Plugins/Runtime/OpenXR/Content/Devices/MicrosoftMixedReality/NormalTexture.ubulk" 857
"../../../Engine/Plugins/Runtime/OpenXR/Content/Devices/MicrosoftMixedReality/MRTexture.uasset" 858
"../../../Engine/Plugins/Runtime/OpenXR/Content/Devices/MicrosoftMixedReality/MRTexture.uexp" 859
"../../../Engine/Plugins/Runtime/OpenXR/Content/Devices/MicrosoftMixedReality/MRTexture.ubulk" 860
"../../../Engine/Plugins/Runtime/OpenXR/Content/Devices/MicrosoftMixedReality/EmissiveTexture.uasset" 861
"../../../Engine/Plugins/Runtime/OpenXR/Content/Devices/MicrosoftMixedReality/EmissiveTexture.uexp" 862
"../../../Engine/Plugins/Runtime/OpenXR/Content/Devices/MicrosoftMixedReality/EmissiveTexture.ubulk" 863
"../../../Engine/Plugins/Runtime/OpenXR/Content/Devices/MicrosoftMixedReality/BaseTexture.uasset" 864
"../../../Engine/Plugins/Runtime/OpenXR/Content/Devices/MicrosoftMixedReality/BaseTexture.uexp" 865
"../../../Engine/Plugins/Runtime/OpenXR/Content/Devices/MicrosoftMixedReality/BaseTexture.ubulk" 866
"../../../Engine/Plugins/Runtime/OpenXR/Content/Devices/MicrosoftMixedReality/MI_MicrosoftMixedReality.uasset" 867
"../../../Engine/Plugins/Runtime/OpenXR/Content/Devices/MicrosoftMixedReality/MI_MicrosoftMixedReality.uexp" 868
"../../../Engine/Plugins/Runtime/OpenXR/Content/Devices/MicrosoftMixedReality/Left/left_MicrosoftMixedRealityController.uasset" 869
"../../../Engine/Plugins/Runtime/OpenXR/Content/Devices/MicrosoftMixedReality/Left/left_MicrosoftMixedRealityController.uexp" 870
"../../../Engine/Plugins/Runtime/OpenXR/Content/Devices/MicrosoftMixedReality/Right/right_MicrosoftMixedRealityController.uasset" 871
"../../../Engine/Plugins/Runtime/OpenXR/Content/Devices/MicrosoftMixedReality/Right/right_MicrosoftMixedRealityController.uexp" 872
"../../../Engine/Plugins/Runtime/OpenXR/Content/Devices/OculusGo/BaseTexture.uasset" 873
"../../../Engine/Plugins/Runtime/OpenXR/Content/Devices/OculusGo/BaseTexture.uexp" 874
"../../../Engine/Plugins/Runtime/OpenXR/Content/Devices/OculusGo/BaseTexture.ubulk" 875
"../../../Engine/Plugins/Runtime/OpenXR/Content/Devices/OculusGo/MI_OculusGo.uasset" 876
"../../../Engine/Plugins/Runtime/OpenXR/Content/Devices/OculusGo/MI_OculusGo.uexp" 877
"../../../Engine/Plugins/Runtime/OpenXR/Content/Devices/OculusGo/OculusGoController.uasset" 878
"../../../Engine/Plugins/Runtime/OpenXR/Content/Devices/OculusGo/OculusGoController.uexp" 879
"../../../Engine/Plugins/Runtime/OpenXR/Content/Devices/OculusTouch/MRTexture.uasset" 880
"../../../Engine/Plugins/Runtime/OpenXR/Content/Devices/OculusTouch/MRTexture.uexp" 881
"../../../Engine/Plugins/Runtime/OpenXR/Content/Devices/OculusTouch/MRTexture.ubulk" 882
"../../../Engine/Plugins/Runtime/OpenXR/Content/Devices/OculusTouch/BaseTexture.uasset" 883
"../../../Engine/Plugins/Runtime/OpenXR/Content/Devices/OculusTouch/BaseTexture.uexp" 884
"../../../Engine/Plugins/Runtime/OpenXR/Content/Devices/OculusTouch/BaseTexture.ubulk" 885
"../../../Engine/Plugins/Runtime/OpenXR/Content/Devices/OculusTouch/MI_OculusTouch.uasset" 886
"../../../Engine/Plugins/Runtime/OpenXR/Content/Devices/OculusTouch/MI_OculusTouch.uexp" 887
"../../../Engine/Plugins/Runtime/OpenXR/Content/Devices/OculusTouch/Left/left_OculusTouchController.uasset" 888
"../../../Engine/Plugins/Runtime/OpenXR/Content/Devices/OculusTouch/Left/left_OculusTouchController.uexp" 889
"../../../Engine/Plugins/Runtime/OpenXR/Content/Devices/OculusTouch/Right/right_OculusTouchController.uasset" 890
"../../../Engine/Plugins/Runtime/OpenXR/Content/Devices/OculusTouch/Right/right_OculusTouchController.uexp" 891
"../../../Engine/Plugins/Runtime/OpenXR/Content/Devices/OculusTouch_v2/MRTexture.uasset" 892
"../../../Engine/Plugins/Runtime/OpenXR/Content/Devices/OculusTouch_v2/MRTexture.uexp" 893
"../../../Engine/Plugins/Runtime/OpenXR/Content/Devices/OculusTouch_v2/MRTexture.ubulk" 894
"../../../Engine/Plugins/Runtime/OpenXR/Content/Devices/OculusTouch_v2/BaseTexture.uasset" 895
"../../../Engine/Plugins/Runtime/OpenXR/Content/Devices/OculusTouch_v2/BaseTexture.uexp" 896
"../../../Engine/Plugins/Runtime/OpenXR/Content/Devices/OculusTouch_v2/BaseTexture.ubulk" 897
"../../../Engine/Plugins/Runtime/OpenXR/Content/Devices/OculusTouch_v2/MI_OculusTouch_v2.uasset" 898
"../../../Engine/Plugins/Runtime/OpenXR/Content/Devices/OculusTouch_v2/MI_OculusTouch_v2.uexp" 899
"../../../Engine/Plugins/Runtime/OpenXR/Content/Devices/OculusTouch_v2/Left/left_OculusTouch_v2Controller.uasset" 900
"../../../Engine/Plugins/Runtime/OpenXR/Content/Devices/OculusTouch_v2/Left/left_OculusTouch_v2Controller.uexp" 901
"../../../Engine/Plugins/Runtime/OpenXR/Content/Devices/OculusTouch_v2/Right/right_OculusTouch_v2Controller.uasset" 902
"../../../Engine/Plugins/Runtime/OpenXR/Content/Devices/OculusTouch_v2/Right/right_OculusTouch_v2Controller.uexp" 903
"../../../Engine/Plugins/Runtime/OpenXR/Content/Devices/OculusTouch_v3/MRTexture.uasset" 904
"../../../Engine/Plugins/Runtime/OpenXR/Content/Devices/OculusTouch_v3/MRTexture.uexp" 905
"../../../Engine/Plugins/Runtime/OpenXR/Content/Devices/OculusTouch_v3/MRTexture.ubulk" 906
"../../../Engine/Plugins/Runtime/OpenXR/Content/Devices/OculusTouch_v3/BaseTexture.uasset" 907
"../../../Engine/Plugins/Runtime/OpenXR/Content/Devices/OculusTouch_v3/BaseTexture.uexp" 908
"../../../Engine/Plugins/Runtime/OpenXR/Content/Devices/OculusTouch_v3/BaseTexture.ubulk" 909
"../../../Engine/Plugins/Runtime/OpenXR/Content/Devices/OculusTouch_v3/MI_OculusTouch_v3.uasset" 910
"../../../Engine/Plugins/Runtime/OpenXR/Content/Devices/OculusTouch_v3/MI_OculusTouch_v3.uexp" 911
"../../../Engine/Plugins/Runtime/OpenXR/Content/Devices/OculusTouch_v3/Left/left_OculusTouch_v3Controller.uasset" 912
"../../../Engine/Plugins/Runtime/OpenXR/Content/Devices/OculusTouch_v3/Left/left_OculusTouch_v3Controller.uexp" 913
"../../../Engine/Plugins/Runtime/OpenXR/Content/Devices/OculusTouch_v3/Right/right_OculusTouch_v3Controller.uasset" 914
"../../../Engine/Plugins/Runtime/OpenXR/Content/Devices/OculusTouch_v3/Right/right_OculusTouch_v3Controller.uexp" 915
"../../../Engine/Plugins/Runtime/OpenXR/Content/Devices/ValveIndex/MRTexture.uasset" 916
"../../../Engine/Plugins/Runtime/OpenXR/Content/Devices/ValveIndex/MRTexture.uexp" 917
"../../../Engine/Plugins/Runtime/OpenXR/Content/Devices/ValveIndex/MRTexture.ubulk" 918
"../../../Engine/Plugins/Runtime/OpenXR/Content/Devices/ValveIndex/BaseTexture.uasset" 919
"../../../Engine/Plugins/Runtime/OpenXR/Content/Devices/ValveIndex/BaseTexture.uexp" 920
"../../../Engine/Plugins/Runtime/OpenXR/Content/Devices/ValveIndex/BaseTexture.ubulk" 921
"../../../Engine/Plugins/Runtime/OpenXR/Content/Devices/ValveIndex/Left/MI_left_ValveIndex.uasset" 922
"../../../Engine/Plugins/Runtime/OpenXR/Content/Devices/ValveIndex/Left/MI_left_ValveIndex.uexp" 923
"../../../Engine/Plugins/Runtime/OpenXR/Content/Devices/ValveIndex/Left/left_ValveIndexController.uasset" 924
"../../../Engine/Plugins/Runtime/OpenXR/Content/Devices/ValveIndex/Left/left_ValveIndexController.uexp" 925
"../../../Engine/Plugins/Runtime/OpenXR/Content/Devices/ValveIndex/Right/MI_right_ValveIndex.uasset" 926
"../../../Engine/Plugins/Runtime/OpenXR/Content/Devices/ValveIndex/Right/MI_right_ValveIndex.uexp" 927
"../../../Engine/Plugins/Runtime/OpenXR/Content/Devices/ValveIndex/Right/right_ValveIndexController.uasset" 928
"../../../Engine/Plugins/Runtime/OpenXR/Content/Devices/ValveIndex/Right/right_ValveIndexController.uexp" 929
"../../../Engine/Content/Functions/Engine_MaterialFunctions02/Utility/BreakOutFloat4Components.uasset" 930
"../../../Engine/Content/Functions/Engine_MaterialFunctions02/Utility/BreakOutFloat4Components.uexp" 931
"../../../Engine/Plugins/Runtime/Oculus/OculusVR/Content/Materials/OculusMR_ChromaKey.uasset" 932
"../../../Engine/Plugins/Runtime/Oculus/OculusVR/Content/Materials/OculusMR_ChromaKey.uexp" 933
"../../../Engine/Plugins/Runtime/Oculus/OculusVR/Content/Materials/OculusMR_OpaqueColoredMaterial.uasset" 934
"../../../Engine/Plugins/Runtime/Oculus/OculusVR/Content/Materials/OculusMR_OpaqueColoredMaterial.uexp" 935
"../../../Engine/Plugins/Runtime/Oculus/OculusVR/Content/Materials/PokeAHoleMaterial.uasset" 936
"../../../Engine/Plugins/Runtime/Oculus/OculusVR/Content/Materials/PokeAHoleMaterial.uexp" 937
"../../../Engine/Plugins/Runtime/Oculus/OculusVR/Content/Textures/touchController_controlmap.uasset" 938
"../../../Engine/Plugins/Runtime/Oculus/OculusVR/Content/Textures/touchController_controlmap.uexp" 939
"../../../Engine/Plugins/Runtime/Oculus/OculusVR/Content/Textures/touchController_controlmap.ubulk" 940
"../../../Engine/Plugins/Runtime/Oculus/OculusVR/Content/Textures/touchController_albedo.uasset" 941
"../../../Engine/Plugins/Runtime/Oculus/OculusVR/Content/Textures/touchController_albedo.uexp" 942
"../../../Engine/Plugins/Runtime/Oculus/OculusVR/Content/Textures/touchController_albedo.ubulk" 943
"../../../Engine/Plugins/Runtime/Oculus/OculusVR/Content/Materials/touchController_mat.uasset" 944
"../../../Engine/Plugins/Runtime/Oculus/OculusVR/Content/Materials/touchController_mat.uexp" 945
"../../../Engine/Plugins/Runtime/Oculus/OculusVR/Content/Meshes/LeftTouchController.uasset" 946
"../../../Engine/Plugins/Runtime/Oculus/OculusVR/Content/Meshes/LeftTouchController.uexp" 947
"../../../Engine/Plugins/Runtime/Oculus/OculusVR/Content/Textures/TouchForQuestRiftSController_albedo.uasset" 948
"../../../Engine/Plugins/Runtime/Oculus/OculusVR/Content/Textures/TouchForQuestRiftSController_albedo.uexp" 949
"../../../Engine/Plugins/Runtime/Oculus/OculusVR/Content/Textures/TouchForQuestRiftSController_albedo.ubulk" 950
"../../../Engine/Plugins/Runtime/Oculus/OculusVR/Content/Materials/TouchForQuestRiftSControllerMaterial.uasset" 951
"../../../Engine/Plugins/Runtime/Oculus/OculusVR/Content/Materials/TouchForQuestRiftSControllerMaterial.uexp" 952
"../../../Engine/Plugins/Runtime/Oculus/OculusVR/Content/Meshes/LeftTouchForQuestRiftSController.uasset" 953
"../../../Engine/Plugins/Runtime/Oculus/OculusVR/Content/Meshes/LeftTouchForQuestRiftSController.uexp" 954
"../../../Engine/Plugins/Runtime/Oculus/OculusVR/Content/Meshes/RiftHMD.uasset" 955
"../../../Engine/Plugins/Runtime/Oculus/OculusVR/Content/Meshes/RiftHMD.uexp" 956
"../../../Engine/Plugins/Runtime/Oculus/OculusVR/Content/Meshes/RightTouchController.uasset" 957
"../../../Engine/Plugins/Runtime/Oculus/OculusVR/Content/Meshes/RightTouchController.uexp" 958
"../../../Engine/Plugins/Runtime/Oculus/OculusVR/Content/Meshes/RightTouchForQuestRiftSController.uasset" 959
"../../../Engine/Plugins/Runtime/Oculus/OculusVR/Content/Meshes/RightTouchForQuestRiftSController.uexp" 960
"../../../Engine/Plugins/Developer/Concert/ConcertSync/ConcertSyncClient/Content/UE4_Mannequin__normals.uasset" 961
"../../../Engine/Plugins/Developer/Concert/ConcertSync/ConcertSyncClient/Content/UE4_Mannequin__normals.uexp" 962
"../../../Engine/Plugins/Developer/Concert/ConcertSync/ConcertSyncClient/Content/UE4_Mannequin__normals.ubulk" 963
"../../../Engine/Plugins/Developer/Concert/ConcertSync/ConcertSyncClient/Content/M_UE4Head_Body.uasset" 964
"../../../Engine/Plugins/Developer/Concert/ConcertSync/ConcertSyncClient/Content/M_UE4Head_Body.uexp" 965
"../../../Engine/Plugins/Developer/Concert/ConcertSync/ConcertSyncClient/Content/M_ConcertClientPresence.uasset" 966
"../../../Engine/Plugins/Developer/Concert/ConcertSync/ConcertSyncClient/Content/M_ConcertClientPresence.uexp" 967
"../../../Engine/Plugins/Developer/Concert/ConcertSync/ConcertSyncClient/Content/M_ConcertClientPresence-Desktop.uasset" 968
"../../../Engine/Plugins/Developer/Concert/ConcertSync/ConcertSyncClient/Content/M_ConcertClientPresence-Desktop.uexp" 969
"../../../Engine/Content/Functions/Engine_MaterialFunctions02/WorldPositionOffset/ComponentPivotLocation.uasset" 970
"../../../Engine/Content/Functions/Engine_MaterialFunctions02/WorldPositionOffset/ComponentPivotLocation.uexp" 971
"../../../Engine/Content/Functions/Engine_MaterialFunctions02/Utility/CameraVectorWithWPOOptions.uasset" 972
"../../../Engine/Content/Functions/Engine_MaterialFunctions02/Utility/CameraVectorWithWPOOptions.uexp" 973
"../../../Engine/Content/Functions/Engine_MaterialFunctions02/Math/MakeVectorsOrthogonal.uasset" 974
"../../../Engine/Content/Functions/Engine_MaterialFunctions02/Math/MakeVectorsOrthogonal.uexp" 975
"../../../Engine/Content/Functions/Engine_MaterialFunctions02/Math/Transform3x3Matrix.uasset" 976
"../../../Engine/Content/Functions/Engine_MaterialFunctions02/Math/Transform3x3Matrix.uexp" 977
"../../../Engine/Content/Functions/Engine_MaterialFunctions02/Math/InverseTransformMatrix.uasset" 978
"../../../Engine/Content/Functions/Engine_MaterialFunctions02/Math/InverseTransformMatrix.uexp" 979
"../../../Engine/Content/Functions/Engine_MaterialFunctions02/WorldPositionOffset/AlignMeshToTheCamera.uasset" 980
"../../../Engine/Content/Functions/Engine_MaterialFunctions02/WorldPositionOffset/AlignMeshToTheCamera.uexp" 981
"../../../Engine/Plugins/Developer/Concert/ConcertSync/ConcertSyncClient/Content/M_CameraFacing.uasset" 982
"../../../Engine/Plugins/Developer/Concert/ConcertSync/ConcertSyncClient/Content/M_CameraFacing.uexp" 983
"../../../Engine/Content/VREditor/LaserPointer/M_LaserPointer-Outer.uasset" 984
"../../../Engine/Content/VREditor/LaserPointer/M_LaserPointer-Outer.uexp" 985
"../../../Engine/Content/VREditor/LaserPointer/M_LaserPointer-Core.uasset" 986
"../../../Engine/Content/VREditor/LaserPointer/M_LaserPointer-Core.uexp" 987
"../../../Engine/Content/VREditor/LaserPointer/LaserPointerMaterial.uasset" 988
"../../../Engine/Content/VREditor/LaserPointer/LaserPointerMaterial.uexp" 989
"../../../Engine/Content/VREditor/LaserPointer/LaserPointerMaterialInst.uasset" 990
"../../../Engine/Content/VREditor/LaserPointer/LaserPointerMaterialInst.uexp" 991
"../../../Engine/Content/VREditor/LaserPointer/TranslucentLaserPointerMaterialInst.uasset" 992
"../../../Engine/Content/VREditor/LaserPointer/TranslucentLaserPointerMaterialInst.uexp" 993
"../../../Engine/Content/VREditor/LaserPointer/LaserPointerMesh_End.uasset" 994
"../../../Engine/Content/VREditor/LaserPointer/LaserPointerMesh_End.uexp" 995
"../../../Engine/Content/VREditor/LaserPointer/LaserPointerMesh.uasset" 996
"../../../Engine/Content/VREditor/LaserPointer/LaserPointerMesh.uexp" 997
"../../../Engine/Content/VREditor/Devices/Vive/VivePreControllerSpec.uasset" 998
"../../../Engine/Content/VREditor/Devices/Vive/VivePreControllerSpec.uexp" 999
"../../../Engine/Content/VREditor/Devices/Vive/VivePreControllerSpec.ubulk" 1000
"../../../Engine/Content/VREditor/Devices/Vive/VivePreController_MasksA.uasset" 1001
"../../../Engine/Content/VREditor/Devices/Vive/VivePreController_MasksA.uexp" 1002
"../../../Engine/Content/VREditor/Devices/Vive/VivePreController_MasksA.ubulk" 1003
"../../../Engine/Content/VREditor/Devices/Vive/VivePreControllerDiffuse.uasset" 1004
"../../../Engine/Content/VREditor/Devices/Vive/VivePreControllerDiffuse.uexp" 1005
"../../../Engine/Content/VREditor/Devices/Vive/VivePreControllerDiffuse.ubulk" 1006
"../../../Engine/Content/VREditor/Devices/Vive/T_VivePreController_EM.uasset" 1007
"../../../Engine/Content/VREditor/Devices/Vive/T_VivePreController_EM.uexp" 1008
"../../../Engine/Content/VREditor/Devices/Vive/VivePreController_MasksB.uasset" 1009
"../../../Engine/Content/VREditor/Devices/Vive/VivePreController_MasksB.uexp" 1010
"../../../Engine/Content/VREditor/Devices/Vive/VivePreController_MasksB.ubulk" 1011
"../../../Engine/Content/VREditor/Devices/Vive/VivePreControllerMaterial.uasset" 1012
"../../../Engine/Content/VREditor/Devices/Vive/VivePreControllerMaterial.uexp" 1013
"../../../Engine/Content/VREditor/Devices/Vive/VivePreControllerMaterial_Inst.uasset" 1014
"../../../Engine/Content/VREditor/Devices/Vive/VivePreControllerMaterial_Inst.uexp" 1015
"../../../Engine/Content/VREditor/Devices/Vive/VivePreControllerMesh.uasset" 1016
"../../../Engine/Content/VREditor/Devices/Vive/VivePreControllerMesh.uexp" 1017
"../../../Engine/Content/VREditor/Devices/Oculus/OculusControllerMaterial.uasset" 1018
"../../../Engine/Content/VREditor/Devices/Oculus/OculusControllerMaterial.uexp" 1019
"../../../Engine/Content/VREditor/Devices/Oculus/OculusControllerMaterial_Inst.uasset" 1020
"../../../Engine/Content/VREditor/Devices/Oculus/OculusControllerMaterial_Inst.uexp" 1021
"../../../Engine/Content/VREditor/Devices/Oculus/OculusControllerMesh.uasset" 1022
"../../../Engine/Content/VREditor/Devices/Oculus/OculusControllerMesh.uexp" 1023
"../../../Engine/Content/VREditor/Devices/Generic/GenericHMDMaterial.uasset" 1024
"../../../Engine/Content/VREditor/Devices/Generic/GenericHMDMaterial.uexp" 1025
"../../../Engine/Content/VREditor/Devices/Generic/GenericHMD.uasset" 1026
"../../../Engine/Content/VREditor/Devices/Generic/GenericHMD.uexp" 1027
"../../../Engine/Content/VREditor/LaserPointer/LaserPointerMesh_Start.uasset" 1028
"../../../Engine/Content/VREditor/LaserPointer/LaserPointerMesh_Start.uexp" 1029
"../../../Engine/Content/EditorResources/MatineeCam_D.uasset" 1030
"../../../Engine/Content/EditorResources/MatineeCam_D.uexp" 1031
"../../../Engine/Content/EditorMaterials/MatineeCam_mat.uasset" 1032
"../../../Engine/Content/EditorMaterials/MatineeCam_mat.uexp" 1033
"../../../Engine/Content/EditorMeshes/MatineeCam_SM.uasset" 1034
"../../../Engine/Content/EditorMeshes/MatineeCam_SM.uexp" 1035
"../../../Engine/Plugins/Developer/Concert/ConcertSync/ConcertSyncClient/Content/ConcertAssets.uasset" 1036
"../../../Engine/Plugins/Developer/Concert/ConcertSync/ConcertSyncClient/Content/ConcertAssets.uexp" 1037
"../../../Engine/Plugins/Developer/Concert/ConcertSync/ConcertSyncClient/Content/M_MonitorScreen.uasset" 1038
"../../../Engine/Plugins/Developer/Concert/ConcertSync/ConcertSyncClient/Content/M_MonitorScreen.uexp" 1039
"../../../Engine/Plugins/Developer/Concert/ConcertSync/ConcertSyncClient/Content/MonitorMesh.uasset" 1040
"../../../Engine/Plugins/Developer/Concert/ConcertSync/ConcertSyncClient/Content/MonitorMesh.uexp" 1041
"../../../Engine/Plugins/Developer/Concert/ConcertSync/ConcertSyncClient/Content/HeadMesh.uasset" 1042
"../../../Engine/Plugins/Developer/Concert/ConcertSync/ConcertSyncClient/Content/HeadMesh.uexp" 1043
"../../../Engine/Plugins/Developer/Concert/ConcertSync/ConcertSyncClient/Content/M_UE4Head_Desktop.uasset" 1044
"../../../Engine/Plugins/Developer/Concert/ConcertSync/ConcertSyncClient/Content/M_UE4Head_Desktop.uexp" 1045
"../../../Engine/Plugins/Developer/Concert/ConcertSync/ConcertSyncClient/Content/DesktopPresence.uasset" 1046
"../../../Engine/Plugins/Developer/Concert/ConcertSync/ConcertSyncClient/Content/DesktopPresence.uexp" 1047
"../../../Engine/Plugins/Developer/Concert/ConcertSync/ConcertSyncClient/Content/SM_Hand-Lft-Mesh.uasset" 1048
"../../../Engine/Plugins/Developer/Concert/ConcertSync/ConcertSyncClient/Content/SM_Hand-Lft-Mesh.uexp" 1049
"../../../Engine/Plugins/Developer/Concert/ConcertSync/ConcertSyncClient/Content/SM_GenericHMD.uasset" 1050
"../../../Engine/Plugins/Developer/Concert/ConcertSync/ConcertSyncClient/Content/SM_GenericHMD.uexp" 1051
"../../../Engine/Plugins/Developer/Concert/ConcertSync/ConcertSyncClient/Content/VRPresence.uasset" 1052
"../../../Engine/Plugins/Developer/Concert/ConcertSync/ConcertSyncClient/Content/VRPresence.uexp" 1053
"C:/Users/tjgar/Documents/Unreal Projects/SpaceMine/Content/ThirdPersonBP/Maps/ThirdPersonExampleMap_BuiltData.uasset" 1054
"C:/Users/tjgar/Documents/Unreal Projects/SpaceMine/Content/ThirdPersonBP/Maps/ThirdPersonExampleMap_BuiltData.uexp" 1055
"C:/Users/tjgar/Documents/Unreal Projects/SpaceMine/Content/ThirdPersonBP/Maps/ThirdPersonExampleMap_BuiltData.ubulk" 1056
"C:/Users/tjgar/Documents/Unreal Projects/SpaceMine/Content/ThirdPerson/Meshes/RampMaterial.uasset" 1057
"C:/Users/tjgar/Documents/Unreal Projects/SpaceMine/Content/ThirdPerson/Meshes/RampMaterial.uexp" 1058
"C:/Users/tjgar/Documents/Unreal Projects/SpaceMine/Content/ThirdPerson/Meshes/RightArm_StaticMesh.uasset" 1059
"C:/Users/tjgar/Documents/Unreal Projects/SpaceMine/Content/ThirdPerson/Meshes/RightArm_StaticMesh.uexp" 1060
"C:/Users/tjgar/Documents/Unreal Projects/SpaceMine/Content/ThirdPerson/Meshes/Ramp_StaticMesh.uasset" 1061
"C:/Users/tjgar/Documents/Unreal Projects/SpaceMine/Content/ThirdPerson/Meshes/Ramp_StaticMesh.uexp" 1062
"C:/Users/tjgar/Documents/Unreal Projects/SpaceMine/Content/ThirdPerson/Meshes/Linear_Stair_StaticMesh.uasset" 1063
"C:/Users/tjgar/Documents/Unreal Projects/SpaceMine/Content/ThirdPerson/Meshes/Linear_Stair_StaticMesh.uexp" 1064
"C:/Users/tjgar/Documents/Unreal Projects/SpaceMine/Content/ThirdPerson/Meshes/LeftArm_StaticMesh.uasset" 1065
"C:/Users/tjgar/Documents/Unreal Projects/SpaceMine/Content/ThirdPerson/Meshes/LeftArm_StaticMesh.uexp" 1066
"C:/Users/tjgar/Documents/Unreal Projects/SpaceMine/Content/ThirdPerson/Meshes/Bump_StaticMesh.uasset" 1067
"C:/Users/tjgar/Documents/Unreal Projects/SpaceMine/Content/ThirdPerson/Meshes/Bump_StaticMesh.uexp" 1068
"C:/Users/tjgar/Documents/Unreal Projects/SpaceMine/Content/Geometry/Meshes/CubeMaterial.uasset" 1069
"C:/Users/tjgar/Documents/Unreal Projects/SpaceMine/Content/Geometry/Meshes/CubeMaterial.uexp" 1070
"C:/Users/tjgar/Documents/Unreal Projects/SpaceMine/Content/Geometry/Meshes/1M_Cube_Chamfer.uasset" 1071
"C:/Users/tjgar/Documents/Unreal Projects/SpaceMine/Content/Geometry/Meshes/1M_Cube_Chamfer.uexp" 1072
"C:/Users/tjgar/Documents/Unreal Projects/SpaceMine/Content/Geometry/Meshes/1M_Cube.uasset" 1073
"C:/Users/tjgar/Documents/Unreal Projects/SpaceMine/Content/Geometry/Meshes/1M_Cube.uexp" 1074
"C:/Users/tjgar/Documents/Unreal Projects/SpaceMine/Content/Geometry/Meshes/TemplateFloor.uasset" 1075
"C:/Users/tjgar/Documents/Unreal Projects/SpaceMine/Content/Geometry/Meshes/TemplateFloor.uexp" 1076
"../../../Engine/Content/EngineSky/T_Sky_Stars.uasset" 1077
"../../../Engine/Content/EngineSky/T_Sky_Stars.uexp" 1078
"../../../Engine/Content/EngineSky/T_Sky_Stars.ubulk" 1079
"../../../Engine/Content/EngineSky/T_Sky_Clouds_M.uasset" 1080
"../../../Engine/Content/EngineSky/T_Sky_Clouds_M.uexp" 1081
"../../../Engine/Content/EngineSky/T_Sky_Clouds_M.ubulk" 1082
"../../../Engine/Content/EngineSky/T_Sky_Blue.uasset" 1083
"../../../Engine/Content/EngineSky/T_Sky_Blue.uexp" 1084
"../../../Engine/Content/EngineSky/T_Sky_Blue.ubulk" 1085
"../../../Engine/Content/EngineSky/M_Sky_Panning_Clouds2.uasset" 1086
"../../../Engine/Content/EngineSky/M_Sky_Panning_Clouds2.uexp" 1087
"../../../Engine/Content/EngineSky/SM_SkySphere.uasset" 1088
"../../../Engine/Content/EngineSky/SM_SkySphere.uexp" 1089
"../../../Engine/Content/EngineSky/C_Sky_Zenith_Color.uasset" 1090
"../../../Engine/Content/EngineSky/C_Sky_Zenith_Color.uexp" 1091
"../../../Engine/Content/EngineSky/C_Sky_Horizon_Color.uasset" 1092
"../../../Engine/Content/EngineSky/C_Sky_Horizon_Color.uexp" 1093
"../../../Engine/Content/EngineSky/C_Sky_Cloud_Color.uasset" 1094
"../../../Engine/Content/EngineSky/C_Sky_Cloud_Color.uexp" 1095
"../../../Engine/Content/EngineSky/BP_Sky_Sphere.uasset" 1096
"../../../Engine/Content/EngineSky/BP_Sky_Sphere.uexp" 1097
"C:/Users/tjgar/Documents/Unreal Projects/SpaceMine/Content/ThirdPersonBP/Maps/ThirdPersonExampleMap.uexp" 1098
"C:/Users/tjgar/Documents/Unreal Projects/SpaceMine/Content/ThirdPersonBP/Maps/ThirdPersonExampleMap.umap" 1099
"../../../Engine/Content/Maps/Entry_BuiltData.uasset" 1100
"../../../Engine/Content/Maps/Entry_BuiltData.uexp" 1101
"../../../Engine/Content/Maps/Entry.uexp" 1102
"../../../Engine/Content/Maps/Entry.umap" 1103
